2025-09-25 11:37:57,570 - INFO - ============================================================
2025-09-25 11:37:57,570 - INFO - INICIANDO PROCESO DE IMPORTACIÓN DE RESERVAS
2025-09-25 11:37:57,571 - INFO - ============================================================
2025-09-25 11:37:57,571 - INFO - 📁 Leyendo archivo: C:\Users\jsaldano\Documents\Procesar\Pipeline\Archivos\SaldoAutoriza.xlsx
2025-09-25 11:37:57,733 - INFO - 📊 Archivo leído exitosamente: 975 filas encontradas
2025-09-25 11:37:57,733 - INFO - 🔄 Iniciando preprocesamiento...
2025-09-25 11:37:57,740 - INFO - ✅ Preprocesamiento completado: 963 filas válidas (eliminadas: 12)
2025-09-25 11:37:57,741 - INFO - 🏢 Iniciando carga de proveedores...
2025-09-25 11:37:57,741 - INFO -    Proveedores únicos encontrados: 209
2025-09-25 11:37:57,762 - INFO -    Procesados 10/209 proveedores
2025-09-25 11:37:57,772 - INFO -    Procesados 20/209 proveedores
2025-09-25 11:37:57,779 - INFO -    Procesados 30/209 proveedores
2025-09-25 11:37:57,788 - INFO -    Procesados 40/209 proveedores
2025-09-25 11:37:57,796 - INFO -    Procesados 50/209 proveedores
2025-09-25 11:37:57,805 - INFO -    Procesados 60/209 proveedores
2025-09-25 11:37:57,813 - INFO -    Procesados 70/209 proveedores
2025-09-25 11:37:57,822 - INFO -    Procesados 80/209 proveedores
2025-09-25 11:37:57,830 - INFO -    Procesados 90/209 proveedores
2025-09-25 11:37:57,838 - INFO -    Procesados 100/209 proveedores
2025-09-25 11:37:57,847 - INFO -    Procesados 110/209 proveedores
2025-09-25 11:37:57,855 - INFO -    Procesados 120/209 proveedores
2025-09-25 11:37:57,864 - INFO -    Procesados 130/209 proveedores
2025-09-25 11:37:57,873 - INFO -    Procesados 140/209 proveedores
2025-09-25 11:37:57,882 - INFO -    Procesados 150/209 proveedores
2025-09-25 11:37:57,891 - INFO -    Procesados 160/209 proveedores
2025-09-25 11:37:57,900 - INFO -    Procesados 170/209 proveedores
2025-09-25 11:37:57,908 - INFO -    Procesados 180/209 proveedores
2025-09-25 11:37:57,918 - INFO -    Procesados 190/209 proveedores
2025-09-25 11:37:57,927 - INFO -    Procesados 200/209 proveedores
2025-09-25 11:37:57,935 - INFO - ✅ Carga de proveedores completada: 209 cargados
2025-09-25 11:37:57,936 - INFO - 👥 Iniciando carga de pasajeros...
2025-09-25 11:37:57,936 - INFO -    Pasajeros únicos encontrados: 123
2025-09-25 11:37:57,977 - INFO -    Procesados 50/123 pasajeros
2025-09-25 11:37:58,017 - INFO -    Procesados 100/123 pasajeros
2025-09-25 11:37:58,036 - INFO - ✅ Carga de pasajeros completada: 123 cargados
2025-09-25 11:37:58,036 - INFO - 🚀 Iniciando procesamiento de reservas...
2025-09-25 11:37:58,040 - INFO - ✨ NUEVO: FI0730 - Proveedor: PERU A TRAVEL
2025-09-25 11:37:58,041 - INFO - ✨ NUEVO: FI0804 - Proveedor: PERU A TRAVEL
2025-09-25 11:37:58,042 - INFO - ✨ NUEVO: LI0036 - Proveedor: PERU A TRAVEL
2025-09-25 11:37:58,043 - INFO - ✨ NUEVO: GI0077 - Proveedor: PERU A TRAVEL
2025-09-25 11:37:58,044 - INFO - ✨ NUEVO: FI0841 - Proveedor: PERU A TRAVEL
2025-09-25 11:37:58,045 - INFO - ✨ NUEVO: FI0804 - Proveedor: PERU A TRAVEL
2025-09-25 11:37:58,047 - INFO - ✨ NUEVO: FI0854 - Proveedor: PERU A TRAVEL
2025-09-25 11:37:58,048 - INFO - ✨ NUEVO: GI0077 - Proveedor: PERU A TRAVEL
2025-09-25 11:37:58,049 - INFO - ✨ NUEVO: FI0801 - Proveedor: ABTOUR
2025-09-25 11:37:58,050 - INFO - ✨ NUEVO: FI0806 - Proveedor: ABTOUR
2025-09-25 11:37:58,051 - INFO - ✨ NUEVO: FI0834 - Proveedor: ABTOUR
2025-09-25 11:37:58,052 - INFO - ✨ NUEVO: FI0834 - Proveedor: ABTOUR
2025-09-25 11:37:58,053 - INFO - ✨ NUEVO: FI0844 - Proveedor: ABTOUR
2025-09-25 11:37:58,054 - INFO - ✨ NUEVO: FI0863 - Proveedor: ABTOUR
2025-09-25 11:37:58,055 - INFO - ✨ NUEVO: FI0757 - Proveedor: PASSION
2025-09-25 11:37:58,056 - INFO - ✨ NUEVO: GI0090 - Proveedor: PASSION
2025-09-25 11:37:58,057 - INFO - ✨ NUEVO: GI0082 - Proveedor: PASSION
2025-09-25 11:37:58,058 - INFO - ✨ NUEVO: FI0799 - Proveedor: PASSION
2025-09-25 11:37:58,059 - INFO - ✨ NUEVO: LI0036 - Proveedor: PASSION
2025-09-25 11:37:58,060 - INFO - ✨ NUEVO: FI0805 - Proveedor: PASSION
2025-09-25 11:37:58,062 - INFO - ✨ NUEVO: FI0805 - Proveedor: PASSION
2025-09-25 11:37:58,064 - INFO - ✨ NUEVO: FI0841 - Proveedor: PASSION
2025-09-25 11:37:58,066 - INFO - ✨ NUEVO: FI0855 - Proveedor: PASSION
2025-09-25 11:37:58,068 - INFO - ✨ NUEVO: GI0093 - Proveedor: PASSION
2025-09-25 11:37:58,069 - INFO - ✨ NUEVO: FI0738 - Proveedor: EUROPCAR CHILE
2025-09-25 11:37:58,070 - INFO - ✨ NUEVO: FI0796 - Proveedor: LS TRAVEL PUERTO VARAS
2025-09-25 11:37:58,071 - INFO - ✨ NUEVO: FI0808 - Proveedor: LS TRAVEL PUERTO VARAS
2025-09-25 11:37:58,071 - INFO - ✨ NUEVO: FI0810 - Proveedor: LS TRAVEL PUERTO VARAS
2025-09-25 11:37:58,072 - INFO - ✨ NUEVO: FI0720 - Proveedor: MAURURU TRAVEL
2025-09-25 11:37:58,073 - INFO - ✨ NUEVO: FI0720 - Proveedor: MAURURU TRAVEL
2025-09-25 11:37:58,074 - INFO - ✨ NUEVO: FI0747 - Proveedor: PATAGONIA PLANET
2025-09-25 11:37:58,075 - INFO - ✨ NUEVO: FI0750 - Proveedor: PATAGONIA PLANET
2025-09-25 11:37:58,078 - INFO - ✨ NUEVO: FI0753 - Proveedor: PATAGONIA PLANET
2025-09-25 11:37:58,079 - INFO - ✨ NUEVO: FI0763 - Proveedor: PATAGONIA PLANET
2025-09-25 11:37:58,080 - INFO - ✨ NUEVO: FI0766 - Proveedor: PATAGONIA PLANET
2025-09-25 11:37:58,081 - INFO - ✨ NUEVO: GI0096 - Proveedor: PATAGONIA PLANET
2025-09-25 11:37:58,082 - INFO - ✨ NUEVO: FI0778 - Proveedor: PATAGONIA PLANET
2025-09-25 11:37:58,084 - INFO - ✨ NUEVO: LI0028 - Proveedor: PATAGONIA PLANET
2025-09-25 11:37:58,085 - INFO - ✨ NUEVO: FI0796 - Proveedor: PATAGONIA PLANET
2025-09-25 11:37:58,086 - INFO - ✨ NUEVO: FI0808 - Proveedor: PATAGONIA PLANET
2025-09-25 11:37:58,087 - INFO - ✨ NUEVO: FI0810 - Proveedor: PATAGONIA PLANET
2025-09-25 11:37:58,088 - INFO - ✨ NUEVO: FI0814 - Proveedor: PATAGONIA PLANET
2025-09-25 11:37:58,089 - INFO - ✨ NUEVO: FI0820 - Proveedor: PATAGONIA PLANET
2025-09-25 11:37:58,089 - INFO - ✨ NUEVO: FI0826 - Proveedor: PATAGONIA PLANET
2025-09-25 11:37:58,090 - INFO - ✨ NUEVO: GI0079 - Proveedor: PATAGONIA PLANET
2025-09-25 11:37:58,093 - INFO - ✨ NUEVO: FI0730 - Proveedor: RAPA NUI TRAVEL
2025-09-25 11:37:58,094 - INFO - ✨ NUEVO: LI0027 - Proveedor: RAPA NUI TRAVEL
2025-09-25 11:37:58,095 - INFO - ✨ NUEVO: FI0808 - Proveedor: RAPA NUI TRAVEL
2025-09-25 11:37:58,096 - INFO - ✨ NUEVO: FI0808 - Proveedor: RAPA NUI TRAVEL
2025-09-25 11:37:58,097 - INFO - ✨ NUEVO: FI0730 - Proveedor: ALTIPLÁNICO ISLA DE PASCUA HOTEL
2025-09-25 11:37:58,098 - INFO - ✨ NUEVO: LI0027 - Proveedor: ALTIPLÁNICO ISLA DE PASCUA HOTEL
2025-09-25 11:37:58,099 - INFO - ✨ NUEVO: FI0793 - Proveedor: PULLMAN SANTIAGO VITACURA
2025-09-25 11:37:58,101 - INFO - ✨ NUEVO: GI0073 - Proveedor: PULLMAN SANTIAGO VITACURA
2025-09-25 11:37:58,102 - INFO - ✨ NUEVO: FI0738 - Proveedor: CABAÑA DEL LAGO HOTEL
2025-09-25 11:37:58,102 - INFO - ✨ NUEVO: FI0747 - Proveedor: CASA PATAGONIA
2025-09-25 11:37:58,103 - INFO - ✨ NUEVO: FI0763 - Proveedor: CASA PATAGONIA
2025-09-25 11:37:58,105 - INFO - ✨ NUEVO: FI0810 - Proveedor: CASA PATAGONIA
2025-09-25 11:37:58,105 - INFO - ✨ NUEVO: FI0790 - Proveedor: CUMBRES LASTARRIA HOTEL
2025-09-25 11:37:58,106 - INFO - ✨ NUEVO: FI0721 - Proveedor: DIEGO DE ALMAGRO CALAMA
2025-09-25 11:37:58,107 - INFO - ✨ NUEVO: GI0096 - Proveedor: DON RAUL HOTEL
2025-09-25 11:37:58,109 - INFO - ✨ NUEVO: FI0754 - Proveedor: DON RAUL HOTEL
2025-09-25 11:37:58,111 - INFO - ✨ NUEVO: GI0093 - Proveedor: DON RAUL HOTEL
2025-09-25 11:37:58,112 - INFO - ✨ NUEVO: GI0096 - Proveedor: DON SEBASTIAN HOTEL
2025-09-25 11:37:58,113 - INFO - ✨ NUEVO: GI0097 - Proveedor: DON SEBASTIAN HOTEL
2025-09-25 11:37:58,114 - INFO - ✨ NUEVO: FI0770 - Proveedor: ECOCAMP
2025-09-25 11:37:58,115 - INFO - ✨ NUEVO: FI0803 - Proveedor: ECOCAMP
2025-09-25 11:37:58,116 - INFO - ✨ NUEVO: FI0721 - Proveedor: FUNDADOR HOTEL
2025-09-25 11:37:58,117 - INFO - ✨ NUEVO: FI0738 - Proveedor: FUNDADOR HOTEL
2025-09-25 11:37:58,118 - INFO - ✨ NUEVO: FI0808 - Proveedor: FUNDADOR HOTEL
2025-09-25 11:37:58,119 - INFO - ✨ NUEVO: FI0810 - Proveedor: FUNDADOR HOTEL
2025-09-25 11:37:58,120 - INFO - ✨ NUEVO: FI0810 - Proveedor: FUNDADOR HOTEL
2025-09-25 11:37:58,121 - INFO - ✨ NUEVO: DV0240 - Proveedor: FUNDADOR HOTEL
2025-09-25 11:37:58,122 - INFO - ✨ NUEVO: FI0721 - Proveedor: HOLIDAY INN SANTIAGO AIRPORT
2025-09-25 11:37:58,123 - INFO - ✨ NUEVO: FI0730 - Proveedor: HOLIDAY INN SANTIAGO AIRPORT
2025-09-25 11:37:58,124 - INFO - ✨ NUEVO: LI0027 - Proveedor: HOLIDAY INN SANTIAGO AIRPORT
2025-09-25 11:37:58,127 - INFO - ✨ NUEVO: GI0094 - Proveedor: HOLIDAY INN SANTIAGO AIRPORT
2025-09-25 11:37:58,128 - INFO - ✨ NUEVO: GI0096 - Proveedor: HOLIDAY INN SANTIAGO AIRPORT
2025-09-25 11:37:58,129 - INFO - ✨ NUEVO: GI0089 - Proveedor: HOLIDAY INN SANTIAGO AIRPORT
2025-09-25 11:37:58,130 - INFO - ✨ NUEVO: FI0841 - Proveedor: HOLIDAY INN SANTIAGO AIRPORT
2025-09-25 11:37:58,132 - INFO - ✨ NUEVO: FI0766 - Proveedor: COSTAUSTRALIS
2025-09-25 11:37:58,133 - INFO - ✨ NUEVO: FI0839 - Proveedor: COSTAUSTRALIS
2025-09-25 11:37:58,134 - INFO - ✨ NUEVO: FI0766 - Proveedor: REY DON FELIPE
2025-09-25 11:37:58,135 - INFO - ✨ NUEVO: GI0079 - Proveedor: REY DON FELIPE
2025-09-25 11:37:58,136 - INFO - ✨ NUEVO: FI0721 - Proveedor: HUILO HUILO
2025-09-25 11:37:58,136 - INFO - ✨ NUEVO: FI0738 - Proveedor: HUILO HUILO
2025-09-25 11:37:58,137 - INFO - ✨ NUEVO: GI0089 - Proveedor: VEAT
2025-09-25 11:37:58,138 - INFO - ✨ NUEVO: GI0094 - Proveedor: IORANA HOTEL
2025-09-25 11:37:58,139 - INFO - ✨ NUEVO: FI0808 - Proveedor: KIMAL HOTEL
2025-09-25 11:37:58,142 - INFO - ✨ NUEVO: FI0814 - Proveedor: LA CASONA MATETIC HOTEL
2025-09-25 11:37:58,143 - INFO - ✨ NUEVO: FI0747 - Proveedor: LAS TORRES HOTEL
2025-09-25 11:37:58,144 - INFO - ✨ NUEVO: FI0751 - Proveedor: LAS TORRES HOTEL
2025-09-25 11:37:58,145 - INFO - ✨ NUEVO: FI0763 - Proveedor: LAS TORRES HOTEL
2025-09-25 11:37:58,146 - INFO - ✨ NUEVO: FI0793 - Proveedor: LAS TORRES HOTEL
2025-09-25 11:37:58,147 - INFO - ✨ NUEVO: FI0866 - Proveedor: LAS TORRES HOTEL
2025-09-25 11:37:58,148 - INFO - ✨ NUEVO: FI0866 - Proveedor: LAS TORRES HOTEL
2025-09-25 11:37:58,150 - INFO - ✨ NUEVO: FI0866 - Proveedor: LAS TORRES HOTEL
2025-09-25 11:37:58,151 - INFO - ✨ NUEVO: FI0820 - Proveedor: NOI INDIGO HOTEL
2025-09-25 11:37:58,152 - INFO - ✨ NUEVO: GI0110 - Proveedor: NOI INDIGO HOTEL
2025-09-25 11:37:58,153 - INFO - ✨ NUEVO: GI0079 - Proveedor: NOI INDIGO HOTEL
2025-09-25 11:37:58,154 - INFO - ✨ NUEVO: GI0093 - Proveedor: NOI INDIGO HOTEL
2025-09-25 11:37:58,154 - INFO - 📈 Progreso: 100/963 | Nuevos: 100 | Actualizados: 0 | Errores: 0
2025-09-25 11:37:58,155 - INFO - ✨ NUEVO: FI0721 - Proveedor: PARK INN PUERTO VARAS
2025-09-25 11:37:58,158 - INFO - ✨ NUEVO: FI0810 - Proveedor: PARK INN PUERTO VARAS
2025-09-25 11:37:58,159 - INFO - ✨ NUEVO: FI0738 - Proveedor: PEHOE HOSTERÍA
2025-09-25 11:37:58,159 - INFO - ✨ NUEVO: GI0089 - Proveedor: PEHOE HOSTERÍA
2025-09-25 11:37:58,160 - INFO - ✨ NUEVO: GI0096 - Proveedor: PLAZA EL BOSQUE EBRO HOTEL
2025-09-25 11:37:58,161 - INFO - ✨ NUEVO: GI0097 - Proveedor: PLAZA EL BOSQUE EBRO HOTEL
2025-09-25 11:37:58,162 - INFO - ✨ NUEVO: GI0078 - Proveedor: PLAZA SAN FRANCISCO HOTEL
2025-09-25 11:37:58,164 - INFO - ✨ NUEVO: GI0089 - Proveedor: PLAZA SAN FRANCISCO HOTEL
2025-09-25 11:37:58,165 - INFO - ✨ NUEVO: FI0798 - Proveedor: PLAZA SAN FRANCISCO HOTEL
2025-09-25 11:37:58,166 - INFO - ✨ NUEVO: GI0093 - Proveedor: PLAZA SAN FRANCISCO HOTEL
2025-09-25 11:37:58,168 - INFO - ✨ NUEVO: FI0750 - Proveedor: RÍO SERRANO HOTEL
2025-09-25 11:37:58,169 - INFO - ✨ NUEVO: FI0764 - Proveedor: RÍO SERRANO HOTEL
2025-09-25 11:37:58,170 - INFO - ✨ NUEVO: LI0015 - Proveedor: THE SINGULAR PATAGONIA
2025-09-25 11:37:58,171 - INFO - ✨ NUEVO: LI0015 - Proveedor: TIERRA PATAGONIA HOTEL
2025-09-25 11:37:58,172 - INFO - ✨ NUEVO: FI0808 - Proveedor: VENDAVAL HOTEL
2025-09-25 11:37:58,172 - INFO - ✨ NUEVO: FI0764 - Proveedor: WESKAR HOTEL
2025-09-25 11:37:58,173 - INFO - ✨ NUEVO: GI0089 - Proveedor: WESKAR HOTEL
2025-09-25 11:37:58,174 - INFO - ✨ NUEVO: GI0096 - Proveedor: WESKAR HOTEL
2025-09-25 11:37:58,175 - INFO - ✨ NUEVO: GI0097 - Proveedor: WESKAR HOTEL
2025-09-25 11:37:58,176 - INFO - ✨ NUEVO: FI0778 - Proveedor: WESKAR HOTEL
2025-09-25 11:37:58,177 - INFO - ✨ NUEVO: FI0803 - Proveedor: WESKAR HOTEL
2025-09-25 11:37:58,178 - INFO - ✨ NUEVO: GI0089 - Proveedor: ALBATROS USHUAIA HOTEL SIN IVA
2025-09-25 11:37:58,179 - INFO - ✨ NUEVO: GI0093 - Proveedor: ALBATROS USHUAIA HOTEL SIN IVA
2025-09-25 11:37:58,180 - INFO - 📝 ACTUALIZADO: GI0093 - Campos: fecha_pago_proveedor, fecha_in, fecha_out
2025-09-25 11:37:58,182 - INFO - ✨ NUEVO: GI0093 - Proveedor: ALBATROS USHUAIA HOTEL SIN IVA
2025-09-25 11:37:58,187 - INFO - ✨ NUEVO: FI0710 - Proveedor: ALTO ANDINO USHUAIA HOTEL SIN IVA
2025-09-25 11:37:58,189 - INFO - ✨ NUEVO: FI0807 - Proveedor: ALTO ANDINO USHUAIA HOTEL SIN IVA
2025-09-25 11:37:58,190 - INFO - ✨ NUEVO: FI0751 - Proveedor: ALTO CALAFATE HOTEL
2025-09-25 11:37:58,191 - INFO - ✨ NUEVO: FI0766 - Proveedor: ALTO CALAFATE HOTEL
2025-09-25 11:37:58,192 - INFO - ✨ NUEVO: GI0096 - Proveedor: ALTO CALAFATE HOTEL
2025-09-25 11:37:58,194 - INFO - ✨ NUEVO: FI0793 - Proveedor: ALTO CALAFATE HOTEL
2025-09-25 11:37:58,195 - INFO - ✨ NUEVO: GI0093 - Proveedor: ALTO CALAFATE HOTEL
2025-09-25 11:37:58,196 - INFO - ✨ NUEVO: FI0785 - Proveedor: ALTOS DE USHUAIA HOTEL
2025-09-25 11:37:58,197 - INFO - ✨ NUEVO: FI0809 - Proveedor: ALTOS DE USHUAIA HOTEL
2025-09-25 11:37:58,199 - INFO - ✨ NUEVO: FI0856 - Proveedor: ALTOS DE USHUAIA HOTEL
2025-09-25 11:37:58,200 - INFO - ✨ NUEVO: FI0782 - Proveedor: ALTOS DE USHUAIA HOTEL
2025-09-25 11:37:58,201 - INFO - ✨ NUEVO: FI0714 - Proveedor: ALVEAR PALACE BUENOS AIRES HOTEL SIN IVA
2025-09-25 11:37:58,205 - INFO - ✨ NUEVO: FI0760 - Proveedor: AMERIAN BUENOS AIRES PARK HOTEL SIN IVA
2025-09-25 11:37:58,206 - INFO - ✨ NUEVO: FI0745 - Proveedor: AMERIAN BUENOS AIRES PARK HOTEL SIN IVA
2025-09-25 11:37:58,208 - INFO - ✨ NUEVO: LI0024 - Proveedor: AMERIAN CÓRDOBA PARK
2025-09-25 11:37:58,208 - INFO - ✨ NUEVO: FI0809 - Proveedor: AMERIAN CÓRDOBA PARK
2025-09-25 11:37:58,209 - INFO - ✨ NUEVO: LI0030 - Proveedor: AMERIAN EXECUTIVE MENDOZA  (M)
2025-09-25 11:37:58,210 - INFO - ✨ NUEVO: FI0785 - Proveedor: AMERIAN EXECUTIVE MENDOZA  (M)
2025-09-25 11:37:58,211 - INFO - ✨ NUEVO: GI0093 - Proveedor: AMERIAN PORTAL DEL IGUAZÚ HOTEL
2025-09-25 11:37:58,212 - INFO - ✨ NUEVO: CR0003 - Proveedor: AMERIAN PORTAL DEL IGUAZÚ HOTEL
2025-09-25 11:37:58,213 - INFO - ✨ NUEVO: GI0112 - Proveedor: AYRES DE SALTA HOTEL
2025-09-25 11:37:58,214 - INFO - ✨ NUEVO: FI0738 - Proveedor: BAHÍA NUEVA HOTEL
2025-09-25 11:37:58,216 - INFO - ✨ NUEVO: FI0738 - Proveedor: CACIQUE INACAYAL LAKE HOTEL
2025-09-25 11:37:58,217 - INFO - ✨ NUEVO: FI0811 - Proveedor: CACIQUE INACAYAL LAKE HOTEL
2025-09-25 11:37:58,218 - INFO - ✨ NUEVO: FI0747 - Proveedor: CALAFATE PARQUE HOTEL
2025-09-25 11:37:58,221 - INFO - ✨ NUEVO: GI0089 - Proveedor: CALAFATE PARQUE HOTEL
2025-09-25 11:37:58,222 - INFO - ✨ NUEVO: FI0825 - Proveedor: CALAFATE PARQUE HOTEL
2025-09-25 11:37:58,223 - INFO - ✨ NUEVO: FI0844 - Proveedor: CALAFATE PARQUE HOTEL
2025-09-25 11:37:58,224 - INFO - ✨ NUEVO: FI0764 - Proveedor: CASA CALMA BUENOS AIRES HOTEL
2025-09-25 11:37:58,225 - INFO - ✨ NUEVO: LI0015 - Proveedor: CASA DE UCO HOTEL
2025-09-25 11:37:58,226 - INFO - ✨ NUEVO: FI0710 - Proveedor: CHALTEN SUITES HOTEL
2025-09-25 11:37:58,227 - INFO - ✨ NUEVO: FI0778 - Proveedor: CHALTEN SUITES HOTEL
2025-09-25 11:37:58,228 - INFO - ✨ NUEVO: FI0827 - Proveedor: CHALTEN SUITES HOTEL
2025-09-25 11:37:58,229 - INFO - ✨ NUEVO: GI0093 - Proveedor: CHALTEN SUITES HOTEL
2025-09-25 11:37:58,230 - INFO - ✨ NUEVO: FI0870 - Proveedor: CHALTEN SUITES HOTEL
2025-09-25 11:37:58,231 - INFO - ✨ NUEVO: FI0760 - Proveedor: CLUB TAPIZ MENDOZA HOTEL
2025-09-25 11:37:58,236 - INFO - ✨ NUEVO: LI0027 - Proveedor: CLUB TAPIZ MENDOZA HOTEL
2025-09-25 11:37:58,237 - INFO - ✨ NUEVO: GI0089 - Proveedor: DAZZLER TOWER PUERTO MADRYN HOTEL
2025-09-25 11:37:58,238 - INFO - ✨ NUEVO: FI0710 - Proveedor: DESIGN SUITES CALAFATE
2025-09-25 11:37:58,239 - INFO - ✨ NUEVO: FI0843 - Proveedor: DESTINO SUR HOTEL
2025-09-25 11:37:58,240 - INFO - ✨ NUEVO: FI0862 - Proveedor: DESTINO SUR HOTEL
2025-09-25 11:37:58,241 - INFO - ✨ NUEVO: FI0844 - Proveedor: DIPLOMATIC PARK SUITES
2025-09-25 11:37:58,242 - INFO - ✨ NUEVO: FI0814 - Proveedor: LOS CERROS DEL CHALTEN HOTEL
2025-09-25 11:37:58,243 - INFO - ✨ NUEVO: FI0754 - Proveedor: EL CORTIJO HOTEL BOUTIQUE
2025-09-25 11:37:58,244 - INFO - ✨ NUEVO: FI0812 - Proveedor: EL PUMA HOSTERÍA
2025-09-25 11:37:58,245 - INFO - ✨ NUEVO: GI0110 - Proveedor: EL PUMA HOSTERÍA
2025-09-25 11:37:58,246 - INFO - ✨ NUEVO: FI0839 - Proveedor: EL PUMA HOSTERÍA
2025-09-25 11:37:58,247 - INFO - ✨ NUEVO: FI0843 - Proveedor: ESPLENDOR EL CALAFATE HOTEL
2025-09-25 11:37:58,255 - INFO - ✨ NUEVO: GI0065 - Proveedor: FALLS IGUAZU HOTEL & SPA
2025-09-25 11:37:58,256 - INFO - ✨ NUEVO: FI0745 - Proveedor: FUEGUINO USHUAIA HOTEL
2025-09-25 11:37:58,257 - INFO - ✨ NUEVO: FI0788 - Proveedor: HOLIDAY INN EZEIZA HOTEL
2025-09-25 11:37:58,258 - INFO - ✨ NUEVO: FI0843 - Proveedor: HOLIDAY INN EZEIZA HOTEL
2025-09-25 11:37:58,259 - INFO - ✨ NUEVO: FI0818 - Proveedor: HOME BUENOS AIRES HOTEL
2025-09-25 11:37:58,260 - INFO - ✨ NUEVO: FI0738 - Proveedor: INFINITO SUR HOSTERIA
2025-09-25 11:37:58,261 - INFO - ✨ NUEVO: FI0747 - Proveedor: INFINITO SUR HOSTERIA
2025-09-25 11:37:58,262 - INFO - ✨ NUEVO: LI0036 - Proveedor: INTERCONTINENTAL BUENOS AIRES HOTEL
2025-09-25 11:37:58,263 - INFO - ✨ NUEVO: LI0036 - Proveedor: INTERCONTINENTAL BUENOS AIRES HOTEL
2025-09-25 11:37:58,264 - INFO - ✨ NUEVO: FI0710 - Proveedor: INTERSUR RECOLETA
2025-09-25 11:37:58,266 - INFO - ✨ NUEVO: FI0790 - Proveedor: INTERSUR RECOLETA
2025-09-25 11:37:58,267 - INFO - ✨ NUEVO: FI0798 - Proveedor: INTERSUR RECOLETA
2025-09-25 11:37:58,268 - INFO - ✨ NUEVO: FI0817 - Proveedor: INTERSUR RECOLETA
2025-09-25 11:37:58,269 - INFO - ✨ NUEVO: FI0843 - Proveedor: INTERSUR RECOLETA
2025-09-25 11:37:58,270 - INFO - ✨ NUEVO: FI0785 - Proveedor: JARDIN DEL IGUAZÚ HOTEL
2025-09-25 11:37:58,271 - INFO - ✨ NUEVO: FI0807 - Proveedor: JARDIN DEL IGUAZÚ HOTEL
2025-09-25 11:37:58,272 - INFO - ✨ NUEVO: FI0782 - Proveedor: JARDIN DEL IGUAZÚ HOTEL
2025-09-25 11:37:58,273 - INFO - ✨ NUEVO: FI0764 - Proveedor: KAU YATUN EL CALAFATE HOTEL
2025-09-25 11:37:58,274 - INFO - ✨ NUEVO: FI0744 - Proveedor: KENTON PALACE BARILOCHE HOTEL
2025-09-25 11:37:58,275 - INFO - ✨ NUEVO: FI0738 - Proveedor: KENTON PALACE BARILOCHE HOTEL
2025-09-25 11:37:58,276 - INFO - ✨ NUEVO: FI0812 - Proveedor: KENTON PALACE BARILOCHE HOTEL
2025-09-25 11:37:58,277 - INFO - ✨ NUEVO: FI0825 - Proveedor: KENTON PALACE BARILOCHE HOTEL
2025-09-25 11:37:58,278 - INFO - ✨ NUEVO: FI0754 - Proveedor: KILLA CAFAYATE HOTEL SIN IVA
2025-09-25 11:37:58,279 - INFO - ✨ NUEVO: GI0078 - Proveedor: LA RESERVA VIRGIN LODGE
2025-09-25 11:37:58,279 - INFO - ✨ NUEVO: FI0724 - Proveedor: LA RESERVA VIRGIN LODGE
2025-09-25 11:37:58,280 - INFO - ✨ NUEVO: LI0030 - Proveedor: LA RESERVA VIRGIN LODGE
2025-09-25 11:37:58,281 - INFO - ✨ NUEVO: GI0089 - Proveedor: LA RESERVA VIRGIN LODGE
2025-09-25 11:37:58,282 - INFO - 📈 Progreso: 200/963 | Nuevos: 199 | Actualizados: 1 | Errores: 0
2025-09-25 11:37:58,284 - INFO - ✨ NUEVO: FI0805 - Proveedor: LA RESERVA VIRGIN LODGE
2025-09-25 11:37:58,286 - INFO - ✨ NUEVO: FI0817 - Proveedor: LA RESERVA VIRGIN LODGE
2025-09-25 11:37:58,287 - INFO - ✨ NUEVO: FI0833 - Proveedor: LA RESERVA VIRGIN LODGE
2025-09-25 11:37:58,288 - INFO - ✨ NUEVO: FI0855 - Proveedor: LA RESERVA VIRGIN LODGE
2025-09-25 11:37:58,289 - INFO - ✨ NUEVO: FI0814 - Proveedor: LA RESERVA VIRGIN LODGE
2025-09-25 11:37:58,290 - INFO - ✨ NUEVO: LI0038 - Proveedor: LA COMARCA HOTEL
2025-09-25 11:37:58,291 - INFO - ✨ NUEVO: FI0794 - Proveedor: LARES DE CHACRAS MENDOZA ESTANCIA BOUTIQUE
2025-09-25 11:37:58,292 - INFO - ✨ NUEVO: FI0833 - Proveedor: LAS HAYAS RESORT HOTEL
2025-09-25 11:37:58,293 - INFO - ✨ NUEVO: FI0843 - Proveedor: LAS HAYAS RESORT HOTEL
2025-09-25 11:37:58,294 - INFO - ✨ NUEVO: FI0866 - Proveedor: LAS HAYAS RESORT HOTEL
2025-09-25 11:37:58,295 - INFO - 📝 ACTUALIZADO: FI0866 - Campos: fecha_pago_proveedor, fecha_in, fecha_out
2025-09-25 11:37:58,296 - INFO - ✨ NUEVO: LI0015 - Proveedor: LLAO LLAO BARILOCHE HOTEL & RESORT
2025-09-25 11:37:58,298 - INFO - ✨ NUEVO: FI0767 - Proveedor: LLAO LLAO BARILOCHE HOTEL & RESORT
2025-09-25 11:37:58,302 - INFO - ✨ NUEVO: GI0065 - Proveedor: LOI SUITES IGUAZÚ HOTEL
2025-09-25 11:37:58,303 - INFO - ✨ NUEVO: FI0818 - Proveedor: LOI SUITES IGUAZÚ HOTEL
2025-09-25 11:37:58,304 - INFO - ✨ NUEVO: FI0859 - Proveedor: LOI SUITES IGUAZÚ HOTEL
2025-09-25 11:37:58,305 - INFO - ✨ NUEVO: FI0757 - Proveedor: LOI SUITES RECOLETA BUENOS AIRES
2025-09-25 11:37:58,306 - INFO - ✨ NUEVO: GI0090 - Proveedor: LOI SUITES RECOLETA BUENOS AIRES
2025-09-25 11:37:58,307 - INFO - ✨ NUEVO: GI0080 - Proveedor: LOS ACEBOS HOTEL
2025-09-25 11:37:58,308 - INFO - ✨ NUEVO: GI0081 - Proveedor: LOS ACEBOS HOTEL
2025-09-25 11:37:58,309 - INFO - ✨ NUEVO: GI0079 - Proveedor: LOS ACEBOS HOTEL
2025-09-25 11:37:58,310 - INFO - ✨ NUEVO: GI0093 - Proveedor: LOS ACEBOS HOTEL
2025-09-25 11:37:58,310 - INFO - ✨ NUEVO: FI0766 - Proveedor: LOS NARANJOS USHUAIA HOTEL
2025-09-25 11:37:58,311 - INFO - ✨ NUEVO: FI0767 - Proveedor: LUNAJUIM HOTEL
2025-09-25 11:37:58,312 - INFO - ✨ NUEVO: FI0856 - Proveedor: LUNAJUIM HOTEL
2025-09-25 11:37:58,314 - INFO - ✨ NUEVO: GI0065 - Proveedor: MADERO HOTEL BUENOS AIRES
2025-09-25 11:37:58,322 - INFO - ✨ NUEVO: FI0754 - Proveedor: MARQUÉS DE TOJO HOTEL
2025-09-25 11:37:58,323 - INFO - ✨ NUEVO: FI0783 - Proveedor: MELIÁ IGUAZÚ HOTEL
2025-09-25 11:37:58,324 - INFO - ✨ NUEVO: FI0814 - Proveedor: MELIÁ IGUAZÚ HOTEL
2025-09-25 11:37:58,325 - INFO - ✨ NUEVO: FI0741 - Proveedor: MERCURE IGUAZÚ
2025-09-25 11:37:58,326 - INFO - ✨ NUEVO: FI0848 - Proveedor: MERCURE IGUAZÚ
2025-09-25 11:37:58,327 - INFO - ✨ NUEVO: FI0754 - Proveedor: MERIT IGUAZU HOTEL
2025-09-25 11:37:58,328 - INFO - ✨ NUEVO: FI0827 - Proveedor: MIL810 USHUAIA HOTEL
2025-09-25 11:37:58,328 - INFO - ✨ NUEVO: GI0079 - Proveedor: MIRADOR DEL LAGO HOTEL
2025-09-25 11:37:58,330 - INFO - ✨ NUEVO: GI0080 - Proveedor: MIRADOR DEL LAGO HOTEL
2025-09-25 11:37:58,332 - INFO - ✨ NUEVO: GI0081 - Proveedor: MIRADOR DEL LAGO HOTEL
2025-09-25 11:37:58,334 - INFO - ✨ NUEVO: FI0747 - Proveedor: MIRADOR DEL LAGO HOTEL
2025-09-25 11:37:58,335 - INFO - ✨ NUEVO: GI0089 - Proveedor: MIRADOR DEL LAGO HOTEL
2025-09-25 11:37:58,336 - INFO - ✨ NUEVO: GI0089 - Proveedor: MIRADOR DEL LAGO HOTEL
2025-09-25 11:37:58,337 - INFO - ✨ NUEVO: FI0794 - Proveedor: MIRADOR DEL LAGO HOTEL
2025-09-25 11:37:58,338 - INFO - ✨ NUEVO: FI0825 - Proveedor: MIRADOR DEL LAGO HOTEL
2025-09-25 11:37:58,339 - INFO - ✨ NUEVO: FI0839 - Proveedor: MIRADOR DEL LAGO HOTEL
2025-09-25 11:37:58,341 - INFO - ✨ NUEVO: FI0844 - Proveedor: MIRADOR DEL LAGO HOTEL
2025-09-25 11:37:58,342 - INFO - ✨ NUEVO: FI0865 - Proveedor: MIRADOR DEL LAGO HOTEL
2025-09-25 11:37:58,343 - INFO - ✨ NUEVO: GI0079 - Proveedor: NH 9 DE JULIO SIN IVA
2025-09-25 11:37:58,344 - INFO - ✨ NUEVO: GI0096 - Proveedor: NH 9 DE JULIO SIN IVA
2025-09-25 11:37:58,345 - INFO - ✨ NUEVO: FI0841 - Proveedor: NH 9 DE JULIO SIN IVA
2025-09-25 11:37:58,346 - INFO - ✨ NUEVO: GI0093 - Proveedor: NH 9 DE JULIO SIN IVA
2025-09-25 11:37:58,349 - INFO - ✨ NUEVO: FI0786 - Proveedor: NH TANGO BUENOS AIRES HOTEL SIN IVA
2025-09-25 11:37:58,350 - INFO - ✨ NUEVO: GI0073 - Proveedor: PANORAMIC GRAND
2025-09-25 11:37:58,351 - INFO - ✨ NUEVO: FI0754 - Proveedor: INKAI HOTEL
2025-09-25 11:37:58,352 - INFO - ✨ NUEVO: FI0844 - Proveedor: PULITZER BUENOS AIRES HOTEL
2025-09-25 11:37:58,353 - INFO - ✨ NUEVO: LI0042 - Proveedor: RAYENTRAY GRAND
2025-09-25 11:37:58,354 - INFO - ✨ NUEVO: LI0042 - Proveedor: RAYENTRAY GRAND
2025-09-25 11:37:58,355 - INFO - ✨ NUEVO: FI0767 - Proveedor: ROCHESTER BARILOCHE HOTEL
2025-09-25 11:37:58,356 - INFO - ✨ NUEVO: FI0767 - Proveedor: ROCHESTER CALAFATE HOTEL
2025-09-25 11:37:58,357 - INFO - ✨ NUEVO: FI0833 - Proveedor: ROCHESTER CALAFATE HOTEL
2025-09-25 11:37:58,358 - INFO - ✨ NUEVO: FI0870 - Proveedor: ROCHESTER CALAFATE HOTEL
2025-09-25 11:37:58,359 - INFO - ✨ NUEVO: LI0034 - Proveedor: ROCHESTER CLASSIC BUENOS AIRES HOTEL
2025-09-25 11:37:58,360 - INFO - ✨ NUEVO: FI0823 - Proveedor: ROCHESTER CLASSIC BUENOS AIRES HOTEL
2025-09-25 11:37:58,361 - INFO - ✨ NUEVO: FI0825 - Proveedor: ROCHESTER CLASSIC BUENOS AIRES HOTEL
2025-09-25 11:37:58,364 - INFO - ✨ NUEVO: FI0839 - Proveedor: ROCHESTER CLASSIC BUENOS AIRES HOTEL
2025-09-25 11:37:58,366 - INFO - ✨ NUEVO: GI0112 - Proveedor: ROCHESTER CLASSIC BUENOS AIRES HOTEL
2025-09-25 11:37:58,367 - INFO - 📝 ACTUALIZADO: GI0112 - Campos: fecha_pago_proveedor, fecha_in, fecha_out
2025-09-25 11:37:58,368 - INFO - ✨ NUEVO: FI0863 - Proveedor: ROCHESTER CLASSIC BUENOS AIRES HOTEL
2025-09-25 11:37:58,369 - INFO - ✨ NUEVO: FI0864 - Proveedor: ROCHESTER CLASSIC BUENOS AIRES HOTEL
2025-09-25 11:37:58,370 - INFO - ✨ NUEVO: FI0872 - Proveedor: ROCHESTER CLASSIC BUENOS AIRES HOTEL
2025-09-25 11:37:58,371 - INFO - ✨ NUEVO: GI0078 - Proveedor: SAVOY HOTEL
2025-09-25 11:37:58,372 - INFO - ✨ NUEVO: FI0751 - Proveedor: SAVOY HOTEL
2025-09-25 11:37:58,373 - INFO - ✨ NUEVO: GI0089 - Proveedor: SAVOY HOTEL
2025-09-25 11:37:58,374 - INFO - ✨ NUEVO: GI0089 - Proveedor: SAVOY HOTEL
2025-09-25 11:37:58,375 - INFO - ✨ NUEVO: FI0768 - Proveedor: SAVOY HOTEL
2025-09-25 11:37:58,376 - INFO - ✨ NUEVO: FI0778 - Proveedor: SAVOY HOTEL
2025-09-25 11:37:58,377 - INFO - ✨ NUEVO: FI0805 - Proveedor: SAVOY HOTEL
2025-09-25 11:37:58,378 - INFO - ✨ NUEVO: FI0828 - Proveedor: SAVOY HOTEL
2025-09-25 11:37:58,379 - INFO - ✨ NUEVO: FI0833 - Proveedor: SAVOY HOTEL
2025-09-25 11:37:58,380 - INFO - ✨ NUEVO: GI0073 - Proveedor: SAVOY HOTEL
2025-09-25 11:37:58,381 - INFO - ✨ NUEVO: FI0872 - Proveedor: SAVOY HOTEL
2025-09-25 11:37:58,382 - INFO - ✨ NUEVO: FI0764 - Proveedor: SENDEROS EL CHALTÉN HOSTERÍA
2025-09-25 11:37:58,384 - INFO - ✨ NUEVO: FI0825 - Proveedor: SENDEROS EL CHALTÉN HOSTERÍA
2025-09-25 11:37:58,386 - INFO - ✨ NUEVO: FI0866 - Proveedor: SENDEROS EL CHALTÉN HOSTERÍA
2025-09-25 11:37:58,387 - INFO - ✨ NUEVO: FI0738 - Proveedor: TOLKEYEN HOTEL
2025-09-25 11:37:58,388 - INFO - ✨ NUEVO: FI0764 - Proveedor: TOLKEYEN HOTEL
2025-09-25 11:37:58,389 - INFO - ✨ NUEVO: FI0812 - Proveedor: TOLKEYEN HOTEL
2025-09-25 11:37:58,390 - INFO - ✨ NUEVO: FI0825 - Proveedor: TOLKEYEN HOTEL
2025-09-25 11:37:58,391 - INFO - ✨ NUEVO: FI0872 - Proveedor: TOLKEYEN HOTEL
2025-09-25 11:37:58,392 - INFO - ✨ NUEVO: FI0738 - Proveedor: TWO BUENOS AIRES HOTEL
2025-09-25 11:37:58,393 - INFO - ✨ NUEVO: FI0744 - Proveedor: TWO BUENOS AIRES HOTEL
2025-09-25 11:37:58,394 - INFO - ✨ NUEVO: FI0785 - Proveedor: TWO BUENOS AIRES HOTEL
2025-09-25 11:37:58,395 - INFO - ✨ NUEVO: FI0754 - Proveedor: TWO BUENOS AIRES HOTEL
2025-09-25 11:37:58,396 - INFO - ✨ NUEVO: FI0807 - Proveedor: TWO BUENOS AIRES HOTEL
2025-09-25 11:37:58,397 - INFO - ✨ NUEVO: FI0811 - Proveedor: TWO BUENOS AIRES HOTEL
2025-09-25 11:37:58,399 - INFO - ✨ NUEVO: FI0812 - Proveedor: TWO BUENOS AIRES HOTEL
2025-09-25 11:37:58,401 - INFO - ✨ NUEVO: FI0856 - Proveedor: TWO BUENOS AIRES HOTEL
2025-09-25 11:37:58,402 - INFO - ✨ NUEVO: FI0782 - Proveedor: TWO BUENOS AIRES HOTEL
2025-09-25 11:37:58,403 - INFO - ✨ NUEVO: FI0811 - Proveedor: URBANA SUITES HOTEL
2025-09-25 11:37:58,404 - INFO - ✨ NUEVO: FI0823 - Proveedor: VILLA MANSA HOTEL
2025-09-25 11:37:58,405 - INFO - ✨ NUEVO: FI0760 - Proveedor: VILLAGE CATARATAS HOTEL
2025-09-25 11:37:58,406 - INFO - ✨ NUEVO: FI0814 - Proveedor: XELENA CALAFATE HOTEL
2025-09-25 11:37:58,407 - INFO - ✨ NUEVO: LI0042 - Proveedor: ARGENTINA VISIÓN (M)
2025-09-25 11:37:58,407 - INFO - 📈 Progreso: 300/963 | Nuevos: 297 | Actualizados: 3 | Errores: 0
2025-09-25 11:37:58,408 - INFO - ✨ NUEVO: LI0042 - Proveedor: ARGENTINA VISIÓN (M)
2025-09-25 11:37:58,409 - INFO - ✨ NUEVO: FI0809 - Proveedor: BIOCEÁNICA TURISMO OPERADOR RECEPTIVO
2025-09-25 11:37:58,410 - INFO - ✨ NUEVO: LI0015 - Proveedor: BIOCEÁNICA TURISMO OPERADOR RECEPTIVO
2025-09-25 11:37:58,411 - INFO - ✨ NUEVO: FI0754 - Proveedor: ESENCIA TRAVEL
2025-09-25 11:37:58,412 - INFO - ✨ NUEVO: GI0078 - Proveedor: IEMANJA OPERADOR RECEPTIVO
2025-09-25 11:37:58,412 - INFO - ✨ NUEVO: FI0720 - Proveedor: IEMANJA OPERADOR RECEPTIVO
2025-09-25 11:37:58,413 - INFO - ✨ NUEVO: FI0724 - Proveedor: IEMANJA OPERADOR RECEPTIVO
2025-09-25 11:37:58,418 - INFO - ✨ NUEVO: GI0065 - Proveedor: IEMANJA OPERADOR RECEPTIVO
2025-09-25 11:37:58,419 - INFO - ✨ NUEVO: FI0744 - Proveedor: IEMANJA OPERADOR RECEPTIVO
2025-09-25 11:37:58,420 - INFO - ✨ NUEVO: FI0757 - Proveedor: IEMANJA OPERADOR RECEPTIVO
2025-09-25 11:37:58,421 - INFO - ✨ NUEVO: FI0760 - Proveedor: IEMANJA OPERADOR RECEPTIVO
2025-09-25 11:37:58,422 - INFO - ✨ NUEVO: FI0767 - Proveedor: IEMANJA OPERADOR RECEPTIVO
2025-09-25 11:37:58,423 - INFO - ✨ NUEVO: FI0741 - Proveedor: IEMANJA OPERADOR RECEPTIVO
2025-09-25 11:37:58,424 - INFO - ✨ NUEVO: LI0030 - Proveedor: IEMANJA OPERADOR RECEPTIVO
2025-09-25 11:37:58,425 - INFO - ✨ NUEVO: LI0028 - Proveedor: IEMANJA OPERADOR RECEPTIVO
2025-09-25 11:37:58,426 - INFO - ✨ NUEVO: FI0785 - Proveedor: IEMANJA OPERADOR RECEPTIVO
2025-09-25 11:37:58,427 - INFO - ✨ NUEVO: FI0754 - Proveedor: IEMANJA OPERADOR RECEPTIVO
2025-09-25 11:37:58,428 - INFO - ✨ NUEVO: LI0034 - Proveedor: IEMANJA OPERADOR RECEPTIVO
2025-09-25 11:37:58,428 - INFO - ✨ NUEVO: FI0783 - Proveedor: IEMANJA OPERADOR RECEPTIVO
2025-09-25 11:37:58,430 - INFO - ✨ NUEVO: LI0036 - Proveedor: IEMANJA OPERADOR RECEPTIVO
2025-09-25 11:37:58,433 - INFO - ✨ NUEVO: FI0805 - Proveedor: IEMANJA OPERADOR RECEPTIVO
2025-09-25 11:37:58,434 - INFO - ✨ NUEVO: FI0807 - Proveedor: IEMANJA OPERADOR RECEPTIVO
2025-09-25 11:37:58,436 - INFO - ✨ NUEVO: FI0811 - Proveedor: IEMANJA OPERADOR RECEPTIVO
2025-09-25 11:37:58,437 - INFO - ✨ NUEVO: FI0814 - Proveedor: IEMANJA OPERADOR RECEPTIVO
2025-09-25 11:37:58,438 - INFO - ✨ NUEVO: FI0817 - Proveedor: IEMANJA OPERADOR RECEPTIVO
2025-09-25 11:37:58,439 - INFO - ✨ NUEVO: FI0818 - Proveedor: IEMANJA OPERADOR RECEPTIVO
2025-09-25 11:37:58,440 - INFO - ✨ NUEVO: FI0833 - Proveedor: IEMANJA OPERADOR RECEPTIVO
2025-09-25 11:37:58,441 - INFO - ✨ NUEVO: FI0848 - Proveedor: IEMANJA OPERADOR RECEPTIVO
2025-09-25 11:37:58,442 - INFO - ✨ NUEVO: FI0855 - Proveedor: IEMANJA OPERADOR RECEPTIVO
2025-09-25 11:37:58,443 - INFO - ✨ NUEVO: FI0856 - Proveedor: IEMANJA OPERADOR RECEPTIVO
2025-09-25 11:37:58,444 - INFO - ✨ NUEVO: FI0858 - Proveedor: IEMANJA OPERADOR RECEPTIVO
2025-09-25 11:37:58,444 - INFO - ✨ NUEVO: FI0860 - Proveedor: IEMANJA OPERADOR RECEPTIVO
2025-09-25 11:37:58,446 - INFO - ✨ NUEVO: FI0866 - Proveedor: IEMANJA OPERADOR RECEPTIVO
2025-09-25 11:37:58,452 - INFO - ✨ NUEVO: GI0093 - Proveedor: IEMANJA OPERADOR RECEPTIVO
2025-09-25 11:37:58,453 - INFO - ✨ NUEVO: OP0038 - Proveedor: IEMANJA OPERADOR RECEPTIVO
2025-09-25 11:37:58,454 - INFO - ✨ NUEVO: FI0782 - Proveedor: IEMANJA OPERADOR RECEPTIVO
2025-09-25 11:37:58,455 - INFO - ✨ NUEVO: OF0001 - Proveedor: IEMANJA OPERADOR RECEPTIVO
2025-09-25 11:37:58,456 - INFO - ✨ NUEVO: GI0072 - Proveedor: LATITUD USHUAIA OPERADOR RECEPTIVO
2025-09-25 11:37:58,457 - INFO - ✨ NUEVO: FI0726 - Proveedor: LATITUD USHUAIA OPERADOR RECEPTIVO
2025-09-25 11:37:58,458 - INFO - ✨ NUEVO: FI0710 - Proveedor: LATITUD USHUAIA OPERADOR RECEPTIVO
2025-09-25 11:37:58,459 - INFO - ✨ NUEVO: FI0738 - Proveedor: LATITUD USHUAIA OPERADOR RECEPTIVO
2025-09-25 11:37:58,459 - INFO - ✨ NUEVO: FI0764 - Proveedor: LATITUD USHUAIA OPERADOR RECEPTIVO
2025-09-25 11:37:58,460 - INFO - ✨ NUEVO: FI0766 - Proveedor: LATITUD USHUAIA OPERADOR RECEPTIVO
2025-09-25 11:37:58,464 - INFO - ✨ NUEVO: FI0785 - Proveedor: LATITUD USHUAIA OPERADOR RECEPTIVO
2025-09-25 11:37:58,465 - INFO - ✨ NUEVO: FI0796 - Proveedor: LATITUD USHUAIA OPERADOR RECEPTIVO
2025-09-25 11:37:58,467 - INFO - ✨ NUEVO: FI0807 - Proveedor: LATITUD USHUAIA OPERADOR RECEPTIVO
2025-09-25 11:37:58,468 - INFO - ✨ NUEVO: FI0812 - Proveedor: LATITUD USHUAIA OPERADOR RECEPTIVO
2025-09-25 11:37:58,469 - INFO - ✨ NUEVO: FI0826 - Proveedor: LATITUD USHUAIA OPERADOR RECEPTIVO
2025-09-25 11:37:58,470 - INFO - ✨ NUEVO: FI0827 - Proveedor: LATITUD USHUAIA OPERADOR RECEPTIVO
2025-09-25 11:37:58,471 - INFO - ✨ NUEVO: FI0828 - Proveedor: LATITUD USHUAIA OPERADOR RECEPTIVO
2025-09-25 11:37:58,472 - INFO - ✨ NUEVO: FI0830 - Proveedor: LATITUD USHUAIA OPERADOR RECEPTIVO
2025-09-25 11:37:58,473 - INFO - ✨ NUEVO: FI0833 - Proveedor: LATITUD USHUAIA OPERADOR RECEPTIVO
2025-09-25 11:37:58,474 - INFO - ✨ NUEVO: FI0843 - Proveedor: LATITUD USHUAIA OPERADOR RECEPTIVO
2025-09-25 11:37:58,475 - INFO - ✨ NUEVO: GI0079 - Proveedor: LATITUD USHUAIA OPERADOR RECEPTIVO
2025-09-25 11:37:58,476 - INFO - ✨ NUEVO: FI0856 - Proveedor: LATITUD USHUAIA OPERADOR RECEPTIVO
2025-09-25 11:37:58,477 - INFO - ✨ NUEVO: GI0093 - Proveedor: LATITUD USHUAIA OPERADOR RECEPTIVO
2025-09-25 11:37:58,478 - INFO - ✨ NUEVO: FI0872 - Proveedor: LATITUD USHUAIA OPERADOR RECEPTIVO
2025-09-25 11:37:58,479 - INFO - ✨ NUEVO: FI0782 - Proveedor: LATITUD USHUAIA OPERADOR RECEPTIVO
2025-09-25 11:37:58,480 - INFO - ✨ NUEVO: FI0724 - Proveedor: LÍMITE PATAGONIA OPERADOR RECEPTIVO
2025-09-25 11:37:58,481 - INFO - ✨ NUEVO: FI0710 - Proveedor: LÍMITE PATAGONIA OPERADOR RECEPTIVO
2025-09-25 11:37:58,482 - INFO - ✨ NUEVO: FI0738 - Proveedor: LÍMITE PATAGONIA OPERADOR RECEPTIVO
2025-09-25 11:37:58,483 - INFO - ✨ NUEVO: FI0747 - Proveedor: LÍMITE PATAGONIA OPERADOR RECEPTIVO
2025-09-25 11:37:58,486 - INFO - ✨ NUEVO: FI0751 - Proveedor: LÍMITE PATAGONIA OPERADOR RECEPTIVO
2025-09-25 11:37:58,487 - INFO - ✨ NUEVO: FI0753 - Proveedor: LÍMITE PATAGONIA OPERADOR RECEPTIVO
2025-09-25 11:37:58,488 - INFO - ✨ NUEVO: FI0764 - Proveedor: LÍMITE PATAGONIA OPERADOR RECEPTIVO
2025-09-25 11:37:58,489 - INFO - ✨ NUEVO: FI0766 - Proveedor: LÍMITE PATAGONIA OPERADOR RECEPTIVO
2025-09-25 11:37:58,490 - INFO - ✨ NUEVO: GI0096 - Proveedor: LÍMITE PATAGONIA OPERADOR RECEPTIVO
2025-09-25 11:37:58,491 - INFO - ✨ NUEVO: FI0767 - Proveedor: LÍMITE PATAGONIA OPERADOR RECEPTIVO
2025-09-25 11:37:58,492 - INFO - ✨ NUEVO: LI0028 - Proveedor: LÍMITE PATAGONIA OPERADOR RECEPTIVO
2025-09-25 11:37:58,493 - INFO - ✨ NUEVO: FI0785 - Proveedor: LÍMITE PATAGONIA OPERADOR RECEPTIVO
2025-09-25 11:37:58,494 - INFO - ✨ NUEVO: FI0793 - Proveedor: LÍMITE PATAGONIA OPERADOR RECEPTIVO
2025-09-25 11:37:58,495 - INFO - ✨ NUEVO: FI0794 - Proveedor: LÍMITE PATAGONIA OPERADOR RECEPTIVO
2025-09-25 11:37:58,496 - INFO - ✨ NUEVO: FI0809 - Proveedor: LÍMITE PATAGONIA OPERADOR RECEPTIVO
2025-09-25 11:37:58,497 - INFO - ✨ NUEVO: FI0820 - Proveedor: LÍMITE PATAGONIA OPERADOR RECEPTIVO
2025-09-25 11:37:58,502 - INFO - ✨ NUEVO: FI0828 - Proveedor: LÍMITE PATAGONIA OPERADOR RECEPTIVO
2025-09-25 11:37:58,503 - INFO - ✨ NUEVO: FI0843 - Proveedor: LÍMITE PATAGONIA OPERADOR RECEPTIVO
2025-09-25 11:37:58,504 - INFO - ✨ NUEVO: FI0844 - Proveedor: LÍMITE PATAGONIA OPERADOR RECEPTIVO
2025-09-25 11:37:58,505 - INFO - ✨ NUEVO: FI0856 - Proveedor: LÍMITE PATAGONIA OPERADOR RECEPTIVO
2025-09-25 11:37:58,506 - INFO - ✨ NUEVO: FI0866 - Proveedor: LÍMITE PATAGONIA OPERADOR RECEPTIVO
2025-09-25 11:37:58,507 - INFO - ✨ NUEVO: GI0093 - Proveedor: LÍMITE PATAGONIA OPERADOR RECEPTIVO
2025-09-25 11:37:58,508 - INFO - ✨ NUEVO: FI0870 - Proveedor: LÍMITE PATAGONIA OPERADOR RECEPTIVO
2025-09-25 11:37:58,509 - INFO - ✨ NUEVO: LI0024 - Proveedor: RUTUR VIAJES OPERADOR RECEPTIVO
2025-09-25 11:37:58,510 - INFO - ✨ NUEVO: FI0809 - Proveedor: RUTUR VIAJES OPERADOR RECEPTIVO
2025-09-25 11:37:58,510 - INFO - ✨ NUEVO: FI0720 - Proveedor: SIGNATURE TOURS OPERADOR RECEPTIVO
2025-09-25 11:37:58,511 - INFO - ✨ NUEVO: FI0724 - Proveedor: SIGNATURE TOURS OPERADOR RECEPTIVO
2025-09-25 11:37:58,512 - INFO - ✨ NUEVO: FI0744 - Proveedor: SIGNATURE TOURS OPERADOR RECEPTIVO
2025-09-25 11:37:58,514 - INFO - ✨ NUEVO: FI0753 - Proveedor: SIGNATURE TOURS OPERADOR RECEPTIVO
2025-09-25 11:37:58,521 - INFO - ✨ NUEVO: FI0760 - Proveedor: SIGNATURE TOURS OPERADOR RECEPTIVO
2025-09-25 11:37:58,522 - INFO - ✨ NUEVO: LI0027 - Proveedor: SIGNATURE TOURS OPERADOR RECEPTIVO
2025-09-25 11:37:58,523 - INFO - ✨ NUEVO: FI0767 - Proveedor: SIGNATURE TOURS OPERADOR RECEPTIVO
2025-09-25 11:37:58,524 - INFO - ✨ NUEVO: FI0785 - Proveedor: SIGNATURE TOURS OPERADOR RECEPTIVO
2025-09-25 11:37:58,525 - INFO - ✨ NUEVO: FI0786 - Proveedor: SIGNATURE TOURS OPERADOR RECEPTIVO
2025-09-25 11:37:58,526 - INFO - ✨ NUEVO: FI0790 - Proveedor: SIGNATURE TOURS OPERADOR RECEPTIVO
2025-09-25 11:37:58,527 - INFO - ✨ NUEVO: FI0798 - Proveedor: SIGNATURE TOURS OPERADOR RECEPTIVO
2025-09-25 11:37:58,528 - INFO - ✨ NUEVO: LI0034 - Proveedor: SIGNATURE TOURS OPERADOR RECEPTIVO
2025-09-25 11:37:58,529 - INFO - ✨ NUEVO: FI0805 - Proveedor: SIGNATURE TOURS OPERADOR RECEPTIVO
2025-09-25 11:37:58,530 - INFO - ✨ NUEVO: FI0794 - Proveedor: SIGNATURE TOURS OPERADOR RECEPTIVO
2025-09-25 11:37:58,533 - INFO - ✨ NUEVO: FI0807 - Proveedor: SIGNATURE TOURS OPERADOR RECEPTIVO
2025-09-25 11:37:58,535 - INFO - ✨ NUEVO: FI0811 - Proveedor: SIGNATURE TOURS OPERADOR RECEPTIVO
2025-09-25 11:37:58,535 - INFO - 📈 Progreso: 400/963 | Nuevos: 396 | Actualizados: 3 | Errores: 0
2025-09-25 11:37:58,536 - INFO - ✨ NUEVO: FI0823 - Proveedor: SIGNATURE TOURS OPERADOR RECEPTIVO
2025-09-25 11:37:58,537 - INFO - ✨ NUEVO: FI0828 - Proveedor: SIGNATURE TOURS OPERADOR RECEPTIVO
2025-09-25 11:37:58,538 - INFO - ✨ NUEVO: FI0856 - Proveedor: SIGNATURE TOURS OPERADOR RECEPTIVO
2025-09-25 11:37:58,539 - INFO - ✨ NUEVO: FI0860 - Proveedor: SIGNATURE TOURS OPERADOR RECEPTIVO
2025-09-25 11:37:58,540 - INFO - ✨ NUEVO: FI0863 - Proveedor: SIGNATURE TOURS OPERADOR RECEPTIVO
2025-09-25 11:37:58,541 - INFO - ✨ NUEVO: FI0864 - Proveedor: SIGNATURE TOURS OPERADOR RECEPTIVO
2025-09-25 11:37:58,542 - INFO - ✨ NUEVO: FI0782 - Proveedor: SIGNATURE TOURS OPERADOR RECEPTIVO
2025-09-25 11:37:58,543 - INFO - ✨ NUEVO: GI0079 - Proveedor: GRUPO BAIRES RESTÓ
2025-09-25 11:37:58,543 - INFO - ✨ NUEVO: FI0834 - Proveedor: GRUPO BAIRES RESTÓ
2025-09-25 11:37:58,544 - INFO - ✨ NUEVO: FI0863 - Proveedor: THE ARGENTINE EXPERIENCE BUE
2025-09-25 11:37:58,545 - INFO - ✨ NUEVO: FI0724 - Proveedor: BICICLETA NARANJA
2025-09-25 11:37:58,549 - INFO - ✨ NUEVO: FI0801 - Proveedor: BICICLETA NARANJA
2025-09-25 11:37:58,550 - INFO - ✨ NUEVO: FI0862 - Proveedor: CRUCERO MARPATAG
2025-09-25 11:37:58,551 - INFO - ✨ NUEVO: FI0843 - Proveedor: EL OMBÚ DE ARECO ESTANCIA
2025-09-25 11:37:58,552 - INFO - ✨ NUEVO: LI0015 - Proveedor: GALA TANGO - CENA SHOW (M)
2025-09-25 11:37:58,553 - INFO - ✨ NUEVO: FI0841 - Proveedor: GALA TANGO - CENA SHOW (M)
2025-09-25 11:37:58,554 - INFO - ✨ NUEVO: LI0028 - Proveedor: TURISUR
2025-09-25 11:37:58,555 - INFO - ✨ NUEVO: FI0738 - Proveedor: HERTZ
2025-09-25 11:37:58,556 - INFO - ✨ NUEVO: LI0042 - Proveedor: HERTZ
2025-09-25 11:37:58,557 - INFO - ✨ NUEVO: GI0096 - Proveedor: STURLA EMPRESA DE TRANSPORTE NÁUTICO
2025-09-25 11:37:58,558 - INFO - ✨ NUEVO: LI0015 - Proveedor: SARS TURISMO
2025-09-25 11:37:58,559 - INFO - ✨ NUEVO: GI0065 - Proveedor: SARS TURISMO
2025-09-25 11:37:58,559 - INFO - ✨ NUEVO: FI0744 - Proveedor: SARS TURISMO
2025-09-25 11:37:58,560 - INFO - ✨ NUEVO: FI0760 - Proveedor: SARS TURISMO
2025-09-25 11:37:58,562 - INFO - ✨ NUEVO: LI0027 - Proveedor: SARS TURISMO
2025-09-25 11:37:58,564 - INFO - ✨ NUEVO: LI0030 - Proveedor: SARS TURISMO
2025-09-25 11:37:58,566 - INFO - ✨ NUEVO: FI0785 - Proveedor: SARS TURISMO
2025-09-25 11:37:58,567 - INFO - ✨ NUEVO: LI0034 - Proveedor: SARS TURISMO
2025-09-25 11:37:58,569 - INFO - ✨ NUEVO: FI0794 - Proveedor: SARS TURISMO
2025-09-25 11:37:58,570 - INFO - ✨ NUEVO: FI0794 - Proveedor: SARS TURISMO
2025-09-25 11:37:58,571 - INFO - ✨ NUEVO: FI0809 - Proveedor: SARS TURISMO
2025-09-25 11:37:58,572 - INFO - ✨ NUEVO: FI0811 - Proveedor: SARS TURISMO
2025-09-25 11:37:58,573 - INFO - ✨ NUEVO: FI0812 - Proveedor: SARS TURISMO
2025-09-25 11:37:58,573 - INFO - ✨ NUEVO: FI0823 - Proveedor: SARS TURISMO
2025-09-25 11:37:58,574 - INFO - ✨ NUEVO: FI0844 - Proveedor: SARS TURISMO
2025-09-25 11:37:58,575 - INFO - ✨ NUEVO: FI0845 - Proveedor: SARS TURISMO
2025-09-25 11:37:58,576 - INFO - ✨ NUEVO: FI0858 - Proveedor: SARS TURISMO
2025-09-25 11:37:58,577 - INFO - ✨ NUEVO: PG0077 - Proveedor: SARS TURISMO
2025-09-25 11:37:58,578 - INFO - ✨ NUEVO: LI0015 - Proveedor: CL MUNDO
2025-09-25 11:37:58,579 - INFO - ✨ NUEVO: GI0078 - Proveedor: CL MUNDO
2025-09-25 11:37:58,580 - INFO - ✨ NUEVO: FI0720 - Proveedor: CL MUNDO
2025-09-25 11:37:58,582 - INFO - ✨ NUEVO: FI0721 - Proveedor: CL MUNDO
2025-09-25 11:37:58,583 - INFO - ✨ NUEVO: FI0738 - Proveedor: CL MUNDO
2025-09-25 11:37:58,587 - INFO - ✨ NUEVO: FI0751 - Proveedor: CL MUNDO
2025-09-25 11:37:58,588 - INFO - ✨ NUEVO: LI0027 - Proveedor: CL MUNDO
2025-09-25 11:37:58,589 - INFO - ✨ NUEVO: GI0096 - Proveedor: CL MUNDO
2025-09-25 11:37:58,591 - INFO - ✨ NUEVO: FI0790 - Proveedor: CL MUNDO
2025-09-25 11:37:58,592 - INFO - ✨ NUEVO: FI0754 - Proveedor: CL MUNDO
2025-09-25 11:37:58,592 - INFO - ✨ NUEVO: FI0793 - Proveedor: CL MUNDO
2025-09-25 11:37:58,593 - INFO - ✨ NUEVO: FI0796 - Proveedor: CL MUNDO
2025-09-25 11:37:58,594 - INFO - ✨ NUEVO: FI0798 - Proveedor: CL MUNDO
2025-09-25 11:37:58,595 - INFO - ✨ NUEVO: LI0034 - Proveedor: CL MUNDO
2025-09-25 11:37:58,596 - INFO - ✨ NUEVO: FI0794 - Proveedor: CL MUNDO
2025-09-25 11:37:58,598 - INFO - ✨ NUEVO: FI0808 - Proveedor: CL MUNDO
2025-09-25 11:37:58,600 - INFO - ✨ NUEVO: FI0810 - Proveedor: CL MUNDO
2025-09-25 11:37:58,601 - INFO - ✨ NUEVO: FI0814 - Proveedor: CL MUNDO
2025-09-25 11:37:58,602 - INFO - ✨ NUEVO: FI0866 - Proveedor: CL MUNDO
2025-09-25 11:37:58,603 - INFO - ✨ NUEVO: GI0093 - Proveedor: CL MUNDO
2025-09-25 11:37:58,604 - INFO - ✨ NUEVO: LI0027 - Proveedor: PALLADIO HOTEL BUENOS AIRES MGALLERY
2025-09-25 11:37:58,605 - INFO - ✨ NUEVO: FI0783 - Proveedor: PALLADIO HOTEL BUENOS AIRES MGALLERY
2025-09-25 11:37:58,606 - INFO - ✨ NUEVO: FI0853 - Proveedor: PALLADIO HOTEL BUENOS AIRES MGALLERY
2025-09-25 11:37:58,607 - INFO - ✨ NUEVO: FI0809 - Proveedor: RINCON DEL CALAFATE
2025-09-25 11:37:58,608 - INFO - ✨ NUEVO: FI0856 - Proveedor: RINCON DEL CALAFATE
2025-09-25 11:37:58,609 - INFO - ✨ NUEVO: FI0862 - Proveedor: RINCON DEL CALAFATE
2025-09-25 11:37:58,610 - INFO - ✨ NUEVO: FI0872 - Proveedor: RINCON DEL CALAFATE
2025-09-25 11:37:58,611 - INFO - ✨ NUEVO: FI0738 - Proveedor: SENT
2025-09-25 11:37:58,612 - INFO - ✨ NUEVO: FI0778 - Proveedor: SENT
2025-09-25 11:37:58,613 - INFO - ✨ NUEVO: FI0785 - Proveedor: SENT
2025-09-25 11:37:58,614 - INFO - ✨ NUEVO: FI0807 - Proveedor: SENT
2025-09-25 11:37:58,618 - INFO - ✨ NUEVO: FI0811 - Proveedor: SENT
2025-09-25 11:37:58,619 - INFO - ✨ NUEVO: FI0809 - Proveedor: SENT
2025-09-25 11:37:58,620 - INFO - ✨ NUEVO: FI0812 - Proveedor: SENT
2025-09-25 11:37:58,621 - INFO - ✨ NUEVO: FI0827 - Proveedor: SENT
2025-09-25 11:37:58,622 - INFO - ✨ NUEVO: FI0782 - Proveedor: SENT
2025-09-25 11:37:58,623 - INFO - ✨ NUEVO: FI0750 - Proveedor: TRIPS SOUTHAMERICA
2025-09-25 11:37:58,624 - INFO - ✨ NUEVO: GI0078 - Proveedor: TRIPS SOUTHAMERICA
2025-09-25 11:37:58,625 - INFO - ✨ NUEVO: FI0790 - Proveedor: TRIPS SOUTHAMERICA
2025-09-25 11:37:58,626 - INFO - ✨ NUEVO: FI0810 - Proveedor: TRIPS SOUTHAMERICA
2025-09-25 11:37:58,627 - INFO - ✨ NUEVO: FI0814 - Proveedor: TRIPS SOUTHAMERICA
2025-09-25 11:37:58,628 - INFO - ✨ NUEVO: GI0077 - Proveedor: TRIPS SOUTHAMERICA
2025-09-25 11:37:58,629 - INFO - ✨ NUEVO: FI0844 - Proveedor: TRIPS SOUTHAMERICA
2025-09-25 11:37:58,630 - INFO - ✨ NUEVO: GI0079 - Proveedor: TRIPS SOUTHAMERICA
2025-09-25 11:37:58,634 - INFO - ✨ NUEVO: GI0112 - Proveedor: TRIPS SOUTHAMERICA
2025-09-25 11:37:58,635 - INFO - ✨ NUEVO: FI0863 - Proveedor: TRIPS SOUTHAMERICA
2025-09-25 11:37:58,636 - INFO - ✨ NUEVO: FI0864 - Proveedor: TRIPS SOUTHAMERICA
2025-09-25 11:37:58,637 - INFO - ✨ NUEVO: GI0093 - Proveedor: TRIPS SOUTHAMERICA
2025-09-25 11:37:58,638 - INFO - ✨ NUEVO: GI0078 - Proveedor: CAFE DE LOS ANGELITOS
2025-09-25 11:37:58,639 - INFO - ✨ NUEVO: FI0724 - Proveedor: CAFE DE LOS ANGELITOS
2025-09-25 11:37:58,640 - INFO - ✨ NUEVO: GI0065 - Proveedor: CAFE DE LOS ANGELITOS
2025-09-25 11:37:58,641 - INFO - ✨ NUEVO: FI0744 - Proveedor: CAFE DE LOS ANGELITOS
2025-09-25 11:37:58,642 - INFO - ✨ NUEVO: GI0096 - Proveedor: CAFE DE LOS ANGELITOS
2025-09-25 11:37:58,643 - INFO - ✨ NUEVO: FI0778 - Proveedor: CAFE DE LOS ANGELITOS
2025-09-25 11:37:58,644 - INFO - ✨ NUEVO: FI0790 - Proveedor: CAFE DE LOS ANGELITOS
2025-09-25 11:37:58,645 - INFO - ✨ NUEVO: FI0754 - Proveedor: CAFE DE LOS ANGELITOS
2025-09-25 11:37:58,646 - INFO - ✨ NUEVO: FI0798 - Proveedor: CAFE DE LOS ANGELITOS
2025-09-25 11:37:58,654 - INFO - ✨ NUEVO: LI0034 - Proveedor: CAFE DE LOS ANGELITOS
2025-09-25 11:37:58,655 - INFO - ✨ NUEVO: FI0807 - Proveedor: CAFE DE LOS ANGELITOS
2025-09-25 11:37:58,656 - INFO - ✨ NUEVO: FI0811 - Proveedor: CAFE DE LOS ANGELITOS
2025-09-25 11:37:58,657 - INFO - ✨ NUEVO: FI0823 - Proveedor: CAFE DE LOS ANGELITOS
2025-09-25 11:37:58,658 - INFO - ✨ NUEVO: FI0828 - Proveedor: CAFE DE LOS ANGELITOS
2025-09-25 11:37:58,658 - INFO - 📈 Progreso: 500/963 | Nuevos: 496 | Actualizados: 3 | Errores: 0
2025-09-25 11:37:58,659 - INFO - ✨ NUEVO: FI0833 - Proveedor: CAFE DE LOS ANGELITOS
2025-09-25 11:37:58,660 - INFO - ✨ NUEVO: FI0843 - Proveedor: CAFE DE LOS ANGELITOS
2025-09-25 11:37:58,661 - INFO - ✨ NUEVO: FI0844 - Proveedor: CAFE DE LOS ANGELITOS
2025-09-25 11:37:58,664 - INFO - ✨ NUEVO: GI0079 - Proveedor: CAFE DE LOS ANGELITOS
2025-09-25 11:37:58,666 - INFO - ✨ NUEVO: FI0860 - Proveedor: CAFE DE LOS ANGELITOS
2025-09-25 11:37:58,667 - INFO - ✨ NUEVO: FI0863 - Proveedor: CAFE DE LOS ANGELITOS
2025-09-25 11:37:58,668 - INFO - ✨ NUEVO: FI0864 - Proveedor: CAFE DE LOS ANGELITOS
2025-09-25 11:37:58,669 - INFO - ✨ NUEVO: FE0034 - Proveedor: CORIS ASISTENCIA AL VIAJERO
2025-09-25 11:37:58,670 - INFO - ✨ NUEVO: FE0028 - Proveedor: CORIS ASISTENCIA AL VIAJERO
2025-09-25 11:37:58,671 - INFO - ✨ NUEVO: DV0242 - Proveedor: CORIS ASISTENCIA AL VIAJERO
2025-09-25 11:37:58,672 - INFO - ✨ NUEVO: LI0034 - Proveedor: RQ SANTA MAGDALENA
2025-09-25 11:37:58,673 - INFO - ✨ NUEVO: FI0763 - Proveedor: PROASI CHILE
2025-09-25 11:37:58,674 - INFO - ✨ NUEVO: GI0096 - Proveedor: PROASI CHILE
2025-09-25 11:37:58,675 - INFO - ✨ NUEVO: GI0097 - Proveedor: PROASI CHILE
2025-09-25 11:37:58,676 - INFO - ✨ NUEVO: LI0034 - Proveedor: PROASI CHILE
2025-09-25 11:37:58,677 - INFO - ✨ NUEVO: FI0803 - Proveedor: PROASI CHILE
2025-09-25 11:37:58,678 - INFO - ✨ NUEVO: FI0820 - Proveedor: PROASI CHILE
2025-09-25 11:37:58,679 - INFO - ✨ NUEVO: GI0073 - Proveedor: PROASI CHILE
2025-09-25 11:37:58,680 - INFO - ✨ NUEVO: LI0036 - Proveedor: HOTASI
2025-09-25 11:37:58,680 - INFO - ✨ NUEVO: FI0799 - Proveedor: PROASI BRASIL
2025-09-25 11:37:58,682 - INFO - ✨ NUEVO: LI0036 - Proveedor: PROASI BRASIL
2025-09-25 11:37:58,683 - INFO - ✨ NUEVO: FI0720 - Proveedor: PROASI ARGENTINA
2025-09-25 11:37:58,684 - INFO - ✨ NUEVO: FI0747 - Proveedor: PROASI ARGENTINA
2025-09-25 11:37:58,686 - INFO - ✨ NUEVO: FI0778 - Proveedor: PROASI ARGENTINA
2025-09-25 11:37:58,688 - INFO - ✨ NUEVO: LI0028 - Proveedor: PROASI ARGENTINA
2025-09-25 11:37:58,689 - INFO - ✨ NUEVO: FV0019 - Proveedor: PROASI ARGENTINA
2025-09-25 11:37:58,690 - INFO - ✨ NUEVO: FI0786 - Proveedor: PROASI ARGENTINA
2025-09-25 11:37:58,690 - INFO - ✨ NUEVO: FI0745 - Proveedor: PROASI ARGENTINA
2025-09-25 11:37:58,691 - INFO - ✨ NUEVO: FI0726 - Proveedor: PROASI ARGENTINA
2025-09-25 11:37:58,692 - INFO - ✨ NUEVO: FI0744 - Proveedor: PROASI ARGENTINA
2025-09-25 11:37:58,693 - INFO - ✨ NUEVO: FI0724 - Proveedor: PROASI ARGENTINA
2025-09-25 11:37:58,694 - INFO - ✨ NUEVO: GI0082 - Proveedor: PROASI ARGENTINA
2025-09-25 11:37:58,695 - INFO - ✨ NUEVO: FI0753 - Proveedor: PROASI ARGENTINA
2025-09-25 11:37:58,696 - INFO - ✨ NUEVO: FI0766 - Proveedor: PROASI ARGENTINA
2025-09-25 11:37:58,697 - INFO - ✨ NUEVO: FI0760 - Proveedor: PROASI ARGENTINA
2025-09-25 11:37:58,699 - INFO - ✨ NUEVO: FI0730 - Proveedor: PROASI ARGENTINA
2025-09-25 11:37:58,701 - INFO - ✨ NUEVO: FI0710 - Proveedor: PROASI ARGENTINA
2025-09-25 11:37:58,702 - INFO - ✨ NUEVO: FI0798 - Proveedor: PROASI ARGENTINA
2025-09-25 11:37:58,703 - INFO - ✨ NUEVO: FV0020 - Proveedor: PROASI ARGENTINA
2025-09-25 11:37:58,704 - INFO - ✨ NUEVO: FI0802 - Proveedor: PROASI ARGENTINA
2025-09-25 11:37:58,705 - INFO - ✨ NUEVO: FI0783 - Proveedor: PROASI ARGENTINA
2025-09-25 11:37:58,706 - INFO - ✨ NUEVO: FI0806 - Proveedor: PROASI ARGENTINA
2025-09-25 11:37:58,707 - INFO - ✨ NUEVO: FI0809 - Proveedor: PROASI ARGENTINA
2025-09-25 11:37:58,708 - INFO - ✨ NUEVO: FI0810 - Proveedor: PROASI ARGENTINA
2025-09-25 11:37:58,709 - INFO - ✨ NUEVO: FI0818 - Proveedor: PROASI ARGENTINA
2025-09-25 11:37:58,710 - INFO - ✨ NUEVO: FI0819 - Proveedor: PROASI ARGENTINA
2025-09-25 11:37:58,711 - INFO - ✨ NUEVO: FI0820 - Proveedor: PROASI ARGENTINA
2025-09-25 11:37:58,711 - INFO - ✨ NUEVO: FI0821 - Proveedor: PROASI ARGENTINA
2025-09-25 11:37:58,712 - INFO - ✨ NUEVO: LI0015 - Proveedor: PROASI ARGENTINA
2025-09-25 11:37:58,713 - INFO - ✨ NUEVO: LI0030 - Proveedor: PROASI ARGENTINA
2025-09-25 11:37:58,715 - INFO - ✨ NUEVO: FI0823 - Proveedor: PROASI ARGENTINA
2025-09-25 11:37:58,719 - INFO - ✨ NUEVO: FI0804 - Proveedor: PROASI ARGENTINA
2025-09-25 11:37:58,721 - INFO - ✨ NUEVO: GI0110 - Proveedor: PROASI ARGENTINA
2025-09-25 11:37:58,722 - INFO - ✨ NUEVO: GI0077 - Proveedor: PROASI ARGENTINA
2025-09-25 11:37:58,723 - INFO - ✨ NUEVO: FI0837 - Proveedor: PROASI ARGENTINA
2025-09-25 11:37:58,724 - INFO - ✨ NUEVO: FI0839 - Proveedor: PROASI ARGENTINA
2025-09-25 11:37:58,725 - INFO - ✨ NUEVO: FI0841 - Proveedor: PROASI ARGENTINA
2025-09-25 11:37:58,726 - INFO - ✨ NUEVO: FI0842 - Proveedor: PROASI ARGENTINA
2025-09-25 11:37:58,727 - INFO - ✨ NUEVO: FE0038 - Proveedor: PROASI ARGENTINA
2025-09-25 11:37:58,728 - INFO - ✨ NUEVO: GI0073 - Proveedor: PROASI ARGENTINA
2025-09-25 11:37:58,729 - INFO - ✨ NUEVO: GI0079 - Proveedor: PROASI ARGENTINA
2025-09-25 11:37:58,730 - INFO - ✨ NUEVO: GI0112 - Proveedor: PROASI ARGENTINA
2025-09-25 11:37:58,732 - INFO - ✨ NUEVO: FI0857 - Proveedor: PROASI ARGENTINA
2025-09-25 11:37:58,734 - INFO - ✨ NUEVO: FI0862 - Proveedor: PROASI ARGENTINA
2025-09-25 11:37:58,735 - INFO - ✨ NUEVO: FI0863 - Proveedor: PROASI ARGENTINA
2025-09-25 11:37:58,736 - INFO - ✨ NUEVO: FI0874 - Proveedor: PROASI ARGENTINA
2025-09-25 11:37:58,737 - INFO - ✨ NUEVO: FI0782 - Proveedor: PROASI ARGENTINA
2025-09-25 11:37:58,738 - INFO - ✨ NUEVO: FI0721 - Proveedor: CAPRICORNIO
2025-09-25 11:37:58,739 - INFO - ✨ NUEVO: FI0753 - Proveedor: CAPRICORNIO
2025-09-25 11:37:58,740 - INFO - ✨ NUEVO: GI0096 - Proveedor: CAPRICORNIO
2025-09-25 11:37:58,741 - INFO - ✨ NUEVO: LI0028 - Proveedor: CAPRICORNIO
2025-09-25 11:37:58,742 - INFO - ✨ NUEVO: FI0754 - Proveedor: CAPRICORNIO
2025-09-25 11:37:58,743 - INFO - ✨ NUEVO: FI0808 - Proveedor: CAPRICORNIO
2025-09-25 11:37:58,744 - INFO - ✨ NUEVO: GI0093 - Proveedor: CAPRICORNIO
2025-09-25 11:37:58,745 - INFO - ✨ NUEVO: FI0808 - Proveedor: GOMERO HOTEL
2025-09-25 11:37:58,746 - INFO - ✨ NUEVO: FI0738 - Proveedor: EXPEDIA
2025-09-25 11:37:58,749 - INFO - ✨ NUEVO: FI0750 - Proveedor: EXPEDIA
2025-09-25 11:37:58,750 - INFO - ✨ NUEVO: FI0799 - Proveedor: EXPEDIA
2025-09-25 11:37:58,751 - INFO - ✨ NUEVO: FI0790 - Proveedor: TEATRO COLÓN
2025-09-25 11:37:58,753 - INFO - ✨ NUEVO: FI0863 - Proveedor: TEATRO COLÓN
2025-09-25 11:37:58,754 - INFO - ✨ NUEVO: LI0015 - Proveedor: CEMENTERIO RECOLETA
2025-09-25 11:37:58,755 - INFO - ✨ NUEVO: FI0726 - Proveedor: CEMENTERIO RECOLETA
2025-09-25 11:37:58,755 - INFO - ✨ NUEVO: GI0065 - Proveedor: CEMENTERIO RECOLETA
2025-09-25 11:37:58,756 - INFO - ✨ NUEVO: FI0710 - Proveedor: CEMENTERIO RECOLETA
2025-09-25 11:37:58,757 - INFO - ✨ NUEVO: LI0027 - Proveedor: CEMENTERIO RECOLETA
2025-09-25 11:37:58,758 - INFO - ✨ NUEVO: FI0790 - Proveedor: CEMENTERIO RECOLETA
2025-09-25 11:37:58,759 - INFO - ✨ NUEVO: FI0798 - Proveedor: CEMENTERIO RECOLETA
2025-09-25 11:37:58,760 - INFO - ✨ NUEVO: FI0801 - Proveedor: CEMENTERIO RECOLETA
2025-09-25 11:37:58,761 - INFO - ✨ NUEVO: FI0830 - Proveedor: CEMENTERIO RECOLETA
2025-09-25 11:37:58,763 - INFO - ✨ NUEVO: FI0834 - Proveedor: CEMENTERIO RECOLETA
2025-09-25 11:37:58,765 - INFO - ✨ NUEVO: FI0841 - Proveedor: CEMENTERIO RECOLETA
2025-09-25 11:37:58,766 - INFO - ✨ NUEVO: FI0843 - Proveedor: CEMENTERIO RECOLETA
2025-09-25 11:37:58,768 - INFO - ✨ NUEVO: FI0863 - Proveedor: CEMENTERIO RECOLETA
2025-09-25 11:37:58,769 - INFO - ✨ NUEVO: LI0015 - Proveedor: TSA
2025-09-25 11:37:58,770 - INFO - ✨ NUEVO: FI0724 - Proveedor: TSA
2025-09-25 11:37:58,770 - INFO - 📈 Progreso: 600/963 | Nuevos: 591 | Actualizados: 3 | Errores: 0
2025-09-25 11:37:58,771 - INFO - ✨ NUEVO: FI0747 - Proveedor: TSA
2025-09-25 11:37:58,772 - INFO - ✨ NUEVO: FI0760 - Proveedor: TSA
2025-09-25 11:37:58,773 - INFO - ✨ NUEVO: LI0027 - Proveedor: TSA
2025-09-25 11:37:58,774 - INFO - ✨ NUEVO: FI0763 - Proveedor: TSA
2025-09-25 11:37:58,774 - INFO - ✨ NUEVO: FI0766 - Proveedor: TSA
2025-09-25 11:37:58,775 - INFO - ✨ NUEVO: GI0096 - Proveedor: TSA
2025-09-25 11:37:58,776 - INFO - ✨ NUEVO: FI0778 - Proveedor: TSA
2025-09-25 11:37:58,777 - INFO - ✨ NUEVO: FI0785 - Proveedor: TSA
2025-09-25 11:37:58,779 - INFO - ✨ NUEVO: FI0790 - Proveedor: TSA
2025-09-25 11:37:58,780 - INFO - ✨ NUEVO: FI0793 - Proveedor: TSA
2025-09-25 11:37:58,782 - INFO - ✨ NUEVO: FI0796 - Proveedor: TSA
2025-09-25 11:37:58,783 - INFO - ✨ NUEVO: FI0798 - Proveedor: TSA
2025-09-25 11:37:58,784 - INFO - ✨ NUEVO: FI0799 - Proveedor: TSA
2025-09-25 11:37:58,787 - INFO - ✨ NUEVO: FI0783 - Proveedor: TSA
2025-09-25 11:37:58,788 - INFO - ✨ NUEVO: FI0806 - Proveedor: TSA
2025-09-25 11:37:58,790 - INFO - ✨ NUEVO: FI0807 - Proveedor: TSA
2025-09-25 11:37:58,791 - INFO - ✨ NUEVO: FI0818 - Proveedor: TSA
2025-09-25 11:37:58,792 - INFO - ✨ NUEVO: FI0820 - Proveedor: TSA
2025-09-25 11:37:58,793 - INFO - ✨ NUEVO: LI0034 - Proveedor: TSA
2025-09-25 11:37:58,794 - INFO - ✨ NUEVO: LI0036 - Proveedor: TSA
2025-09-25 11:37:58,794 - INFO - ✨ NUEVO: LI0030 - Proveedor: TSA
2025-09-25 11:37:58,795 - INFO - ✨ NUEVO: FI0823 - Proveedor: TSA
2025-09-25 11:37:58,796 - INFO - ✨ NUEVO: FI0826 - Proveedor: TSA
2025-09-25 11:37:58,798 - INFO - ✨ NUEVO: LI0019 - Proveedor: TSA
2025-09-25 11:37:58,800 - INFO - ✨ NUEVO: FI0827 - Proveedor: TSA
2025-09-25 11:37:58,802 - INFO - ✨ NUEVO: FI0828 - Proveedor: TSA
2025-09-25 11:37:58,803 - INFO - ✨ NUEVO: VC0042 - Proveedor: TSA
2025-09-25 11:37:58,804 - INFO - ✨ NUEVO: FI0844 - Proveedor: TSA
2025-09-25 11:37:58,805 - INFO - ✨ NUEVO: FI0845 - Proveedor: TSA
2025-09-25 11:37:58,806 - INFO - ✨ NUEVO: FI0853 - Proveedor: TSA
2025-09-25 11:37:58,807 - INFO - ✨ NUEVO: GI0079 - Proveedor: TSA
2025-09-25 11:37:58,808 - INFO - ✨ NUEVO: FI0858 - Proveedor: TSA
2025-09-25 11:37:58,809 - INFO - ✨ NUEVO: FI0862 - Proveedor: TSA
2025-09-25 11:37:58,810 - INFO - ✨ NUEVO: LI0041 - Proveedor: TSA
2025-09-25 11:37:58,811 - INFO - ✨ NUEVO: FI0870 - Proveedor: TSA
2025-09-25 11:37:58,811 - INFO - ✨ NUEVO: FI0782 - Proveedor: TSA
2025-09-25 11:37:58,812 - INFO - ✨ NUEVO: PG0077 - Proveedor: TSA
2025-09-25 11:37:58,813 - INFO - ✨ NUEVO: LI0015 - Proveedor: TSA BUENOS AIRES
2025-09-25 11:37:58,814 - INFO - ✨ NUEVO: GI0078 - Proveedor: TSA BUENOS AIRES
2025-09-25 11:37:58,819 - INFO - ✨ NUEVO: GI0079 - Proveedor: TSA BUENOS AIRES
2025-09-25 11:37:58,820 - INFO - ✨ NUEVO: FI0720 - Proveedor: TSA BUENOS AIRES
2025-09-25 11:37:58,821 - INFO - ✨ NUEVO: FI0724 - Proveedor: TSA BUENOS AIRES
2025-09-25 11:37:58,822 - INFO - ✨ NUEVO: FI0726 - Proveedor: TSA BUENOS AIRES
2025-09-25 11:37:58,823 - INFO - ✨ NUEVO: GI0065 - Proveedor: TSA BUENOS AIRES
2025-09-25 11:37:58,824 - INFO - ✨ NUEVO: FI0710 - Proveedor: TSA BUENOS AIRES
2025-09-25 11:37:58,825 - INFO - ✨ NUEVO: FI0738 - Proveedor: TSA BUENOS AIRES
2025-09-25 11:37:58,826 - INFO - ✨ NUEVO: FI0744 - Proveedor: TSA BUENOS AIRES
2025-09-25 11:37:58,827 - INFO - ✨ NUEVO: FI0750 - Proveedor: TSA BUENOS AIRES
2025-09-25 11:37:58,828 - INFO - ✨ NUEVO: FI0751 - Proveedor: TSA BUENOS AIRES
2025-09-25 11:37:58,828 - INFO - ✨ NUEVO: FI0753 - Proveedor: TSA BUENOS AIRES
2025-09-25 11:37:58,829 - INFO - ✨ NUEVO: FI0757 - Proveedor: TSA BUENOS AIRES
2025-09-25 11:37:58,831 - INFO - ✨ NUEVO: GI0090 - Proveedor: TSA BUENOS AIRES
2025-09-25 11:37:58,834 - INFO - ✨ NUEVO: FI0760 - Proveedor: TSA BUENOS AIRES
2025-09-25 11:37:58,835 - INFO - ✨ NUEVO: LI0027 - Proveedor: TSA BUENOS AIRES
2025-09-25 11:37:58,836 - INFO - ✨ NUEVO: FI0764 - Proveedor: TSA BUENOS AIRES
2025-09-25 11:37:58,837 - INFO - ✨ NUEVO: FI0766 - Proveedor: TSA BUENOS AIRES
2025-09-25 11:37:58,838 - INFO - ✨ NUEVO: GI0096 - Proveedor: TSA BUENOS AIRES
2025-09-25 11:37:58,839 - INFO - ✨ NUEVO: GI0097 - Proveedor: TSA BUENOS AIRES
2025-09-25 11:37:58,840 - INFO - ✨ NUEVO: FI0767 - Proveedor: TSA BUENOS AIRES
2025-09-25 11:37:58,841 - INFO - ✨ NUEVO: FI0741 - Proveedor: TSA BUENOS AIRES
2025-09-25 11:37:58,842 - INFO - ✨ NUEVO: LI0030 - Proveedor: TSA BUENOS AIRES
2025-09-25 11:37:58,843 - INFO - ✨ NUEVO: FI0778 - Proveedor: TSA BUENOS AIRES
2025-09-25 11:37:58,844 - INFO - ✨ NUEVO: FI0785 - Proveedor: TSA BUENOS AIRES
2025-09-25 11:37:58,845 - INFO - ✨ NUEVO: FI0745 - Proveedor: TSA BUENOS AIRES
2025-09-25 11:37:58,846 - INFO - ✨ NUEVO: FI0786 - Proveedor: TSA BUENOS AIRES
2025-09-25 11:37:58,847 - INFO - ✨ NUEVO: FI0790 - Proveedor: TSA BUENOS AIRES
2025-09-25 11:37:58,848 - INFO - ✨ NUEVO: FI0754 - Proveedor: TSA BUENOS AIRES
2025-09-25 11:37:58,850 - INFO - ✨ NUEVO: FI0798 - Proveedor: TSA BUENOS AIRES
2025-09-25 11:37:58,851 - INFO - ✨ NUEVO: LI0034 - Proveedor: TSA BUENOS AIRES
2025-09-25 11:37:58,852 - INFO - ✨ NUEVO: FI0801 - Proveedor: TSA BUENOS AIRES
2025-09-25 11:37:58,853 - INFO - ✨ NUEVO: FI0783 - Proveedor: TSA BUENOS AIRES
2025-09-25 11:37:58,854 - INFO - ✨ NUEVO: LI0036 - Proveedor: TSA BUENOS AIRES
2025-09-25 11:37:58,855 - INFO - ✨ NUEVO: FI0805 - Proveedor: TSA BUENOS AIRES
2025-09-25 11:37:58,856 - INFO - ✨ NUEVO: FI0794 - Proveedor: TSA BUENOS AIRES
2025-09-25 11:37:58,857 - INFO - ✨ NUEVO: FI0807 - Proveedor: TSA BUENOS AIRES
2025-09-25 11:37:58,860 - INFO - ✨ NUEVO: FI0809 - Proveedor: TSA BUENOS AIRES
2025-09-25 11:37:58,862 - INFO - ✨ NUEVO: FI0811 - Proveedor: TSA BUENOS AIRES
2025-09-25 11:37:58,863 - INFO - ✨ NUEVO: FI0812 - Proveedor: TSA BUENOS AIRES
2025-09-25 11:37:58,865 - INFO - ✨ NUEVO: FI0817 - Proveedor: TSA BUENOS AIRES
2025-09-25 11:37:58,866 - INFO - ✨ NUEVO: FI0818 - Proveedor: TSA BUENOS AIRES
2025-09-25 11:37:58,867 - INFO - ✨ NUEVO: FI0823 - Proveedor: TSA BUENOS AIRES
2025-09-25 11:37:58,868 - INFO - ✨ NUEVO: FI0825 - Proveedor: TSA BUENOS AIRES
2025-09-25 11:37:58,869 - INFO - ✨ NUEVO: FI0830 - Proveedor: TSA BUENOS AIRES
2025-09-25 11:37:58,870 - INFO - ✨ NUEVO: FI0833 - Proveedor: TSA BUENOS AIRES
2025-09-25 11:37:58,871 - INFO - ✨ NUEVO: FI0834 - Proveedor: TSA BUENOS AIRES
2025-09-25 11:37:58,872 - INFO - ✨ NUEVO: FI0839 - Proveedor: TSA BUENOS AIRES
2025-09-25 11:37:58,873 - INFO - ✨ NUEVO: FI0841 - Proveedor: TSA BUENOS AIRES
2025-09-25 11:37:58,874 - INFO - ✨ NUEVO: FI0843 - Proveedor: TSA BUENOS AIRES
2025-09-25 11:37:58,875 - INFO - ✨ NUEVO: FI0844 - Proveedor: TSA BUENOS AIRES
2025-09-25 11:37:58,876 - INFO - ✨ NUEVO: FI0848 - Proveedor: TSA BUENOS AIRES
2025-09-25 11:37:58,877 - INFO - ✨ NUEVO: FI0855 - Proveedor: TSA BUENOS AIRES
2025-09-25 11:37:58,878 - INFO - ✨ NUEVO: GI0112 - Proveedor: TSA BUENOS AIRES
2025-09-25 11:37:58,879 - INFO - ✨ NUEVO: FI0858 - Proveedor: TSA BUENOS AIRES
2025-09-25 11:37:58,880 - INFO - ✨ NUEVO: FI0859 - Proveedor: TSA BUENOS AIRES
2025-09-25 11:37:58,881 - INFO - ✨ NUEVO: FI0861 - Proveedor: TSA BUENOS AIRES
2025-09-25 11:37:58,882 - INFO - ✨ NUEVO: FI0863 - Proveedor: TSA BUENOS AIRES
2025-09-25 11:37:58,883 - INFO - ✨ NUEVO: FI0864 - Proveedor: TSA BUENOS AIRES
2025-09-25 11:37:58,884 - INFO - ✨ NUEVO: FI0866 - Proveedor: TSA BUENOS AIRES
2025-09-25 11:37:58,888 - INFO - ✨ NUEVO: GI0093 - Proveedor: TSA BUENOS AIRES
2025-09-25 11:37:58,889 - INFO - ✨ NUEVO: FI0872 - Proveedor: TSA BUENOS AIRES
2025-09-25 11:37:58,889 - INFO - 📈 Progreso: 700/963 | Nuevos: 691 | Actualizados: 3 | Errores: 0
2025-09-25 11:37:58,890 - INFO - ✨ NUEVO: FI0782 - Proveedor: TSA BUENOS AIRES
2025-09-25 11:37:58,891 - INFO - ✨ NUEVO: LI0028 - Proveedor: ESENCIAL TURISMO
2025-09-25 11:37:58,892 - INFO - ✨ NUEVO: FI0754 - Proveedor: ESENCIAL TURISMO
2025-09-25 11:37:58,893 - INFO - ✨ NUEVO: GI0112 - Proveedor: ESENCIAL TURISMO
2025-09-25 11:37:58,894 - INFO - ✨ NUEVO: FI0860 - Proveedor: ESENCIAL TURISMO
2025-09-25 11:37:58,894 - INFO - ✨ NUEVO: FI0720 - Proveedor: PARQUE NACIONAL RAPA NUI
2025-09-25 11:37:58,895 - INFO - ✨ NUEVO: FI0730 - Proveedor: PARQUE NACIONAL RAPA NUI
2025-09-25 11:37:58,896 - INFO - ✨ NUEVO: LI0027 - Proveedor: PARQUE NACIONAL RAPA NUI
2025-09-25 11:37:58,897 - INFO - ✨ NUEVO: FI0808 - Proveedor: PARQUE NACIONAL RAPA NUI
2025-09-25 11:37:58,899 - INFO - ✨ NUEVO: FI0793 - Proveedor: CBA LIMITE PATAGONIA
2025-09-25 11:37:58,901 - INFO - ✨ NUEVO: FI0843 - Proveedor: CBA LIMITE PATAGONIA
2025-09-25 11:37:58,903 - INFO - ✨ NUEVO: FI0778 - Proveedor: COMARKA EXPEDICIONES
2025-09-25 11:37:58,904 - INFO - ✨ NUEVO: LI0015 - Proveedor: ANDREA&FER
2025-09-25 11:37:58,905 - INFO - ✨ NUEVO: GI0078 - Proveedor: ANDREA&FER
2025-09-25 11:37:58,905 - INFO - ✨ NUEVO: GI0079 - Proveedor: ANDREA&FER
2025-09-25 11:37:58,906 - INFO - ✨ NUEVO: FI0720 - Proveedor: ANDREA&FER
2025-09-25 11:37:58,907 - INFO - ✨ NUEVO: FI0724 - Proveedor: ANDREA&FER
2025-09-25 11:37:58,908 - INFO - ✨ NUEVO: FI0726 - Proveedor: ANDREA&FER
2025-09-25 11:37:58,909 - INFO - ✨ NUEVO: GI0065 - Proveedor: ANDREA&FER
2025-09-25 11:37:58,910 - INFO - ✨ NUEVO: FI0710 - Proveedor: ANDREA&FER
2025-09-25 11:37:58,911 - INFO - ✨ NUEVO: FI0738 - Proveedor: ANDREA&FER
2025-09-25 11:37:58,912 - INFO - ✨ NUEVO: FI0744 - Proveedor: ANDREA&FER
2025-09-25 11:37:58,913 - INFO - ✨ NUEVO: FI0750 - Proveedor: ANDREA&FER
2025-09-25 11:37:58,914 - INFO - ✨ NUEVO: FI0751 - Proveedor: ANDREA&FER
2025-09-25 11:37:58,916 - INFO - ✨ NUEVO: FI0753 - Proveedor: ANDREA&FER
2025-09-25 11:37:58,919 - INFO - ✨ NUEVO: FI0757 - Proveedor: ANDREA&FER
2025-09-25 11:37:58,921 - INFO - ✨ NUEVO: GI0090 - Proveedor: ANDREA&FER
2025-09-25 11:37:58,922 - INFO - ✨ NUEVO: FI0760 - Proveedor: ANDREA&FER
2025-09-25 11:37:58,923 - INFO - ✨ NUEVO: LI0027 - Proveedor: ANDREA&FER
2025-09-25 11:37:58,924 - INFO - ✨ NUEVO: FI0764 - Proveedor: ANDREA&FER
2025-09-25 11:37:58,925 - INFO - ✨ NUEVO: GI0096 - Proveedor: ANDREA&FER
2025-09-25 11:37:58,926 - INFO - ✨ NUEVO: GI0097 - Proveedor: ANDREA&FER
2025-09-25 11:37:58,927 - INFO - ✨ NUEVO: FI0767 - Proveedor: ANDREA&FER
2025-09-25 11:37:58,928 - INFO - ✨ NUEVO: FI0741 - Proveedor: ANDREA&FER
2025-09-25 11:37:58,929 - INFO - ✨ NUEVO: LI0030 - Proveedor: ANDREA&FER
2025-09-25 11:37:58,930 - INFO - ✨ NUEVO: FI0785 - Proveedor: ANDREA&FER
2025-09-25 11:37:58,932 - INFO - ✨ NUEVO: FI0745 - Proveedor: ANDREA&FER
2025-09-25 11:37:58,934 - INFO - ✨ NUEVO: FI0786 - Proveedor: ANDREA&FER
2025-09-25 11:37:58,935 - INFO - ✨ NUEVO: FI0790 - Proveedor: ANDREA&FER
2025-09-25 11:37:58,936 - INFO - ✨ NUEVO: FI0754 - Proveedor: ANDREA&FER
2025-09-25 11:37:58,937 - INFO - ✨ NUEVO: FI0798 - Proveedor: ANDREA&FER
2025-09-25 11:37:58,938 - INFO - ✨ NUEVO: LI0034 - Proveedor: ANDREA&FER
2025-09-25 11:37:58,939 - INFO - ✨ NUEVO: FI0801 - Proveedor: ANDREA&FER
2025-09-25 11:37:58,940 - INFO - ✨ NUEVO: FI0783 - Proveedor: ANDREA&FER
2025-09-25 11:37:58,941 - INFO - ✨ NUEVO: LI0036 - Proveedor: ANDREA&FER
2025-09-25 11:37:58,942 - INFO - ✨ NUEVO: FI0805 - Proveedor: ANDREA&FER
2025-09-25 11:37:58,943 - INFO - ✨ NUEVO: FI0794 - Proveedor: ANDREA&FER
2025-09-25 11:37:58,944 - INFO - ✨ NUEVO: FI0807 - Proveedor: ANDREA&FER
2025-09-25 11:37:58,945 - INFO - ✨ NUEVO: FI0809 - Proveedor: ANDREA&FER
2025-09-25 11:37:58,946 - INFO - ✨ NUEVO: FI0811 - Proveedor: ANDREA&FER
2025-09-25 11:37:58,948 - INFO - ✨ NUEVO: FI0812 - Proveedor: ANDREA&FER
2025-09-25 11:37:58,950 - INFO - ✨ NUEVO: FI0817 - Proveedor: ANDREA&FER
2025-09-25 11:37:58,951 - INFO - ✨ NUEVO: FI0818 - Proveedor: ANDREA&FER
2025-09-25 11:37:58,952 - INFO - ✨ NUEVO: FI0823 - Proveedor: ANDREA&FER
2025-09-25 11:37:58,954 - INFO - ✨ NUEVO: FI0825 - Proveedor: ANDREA&FER
2025-09-25 11:37:58,955 - INFO - ✨ NUEVO: FI0830 - Proveedor: ANDREA&FER
2025-09-25 11:37:58,956 - INFO - ✨ NUEVO: FI0833 - Proveedor: ANDREA&FER
2025-09-25 11:37:58,956 - INFO - ✨ NUEVO: FI0834 - Proveedor: ANDREA&FER
2025-09-25 11:37:58,957 - INFO - ✨ NUEVO: FI0839 - Proveedor: ANDREA&FER
2025-09-25 11:37:58,958 - INFO - ✨ NUEVO: FI0841 - Proveedor: ANDREA&FER
2025-09-25 11:37:58,959 - INFO - ✨ NUEVO: FI0843 - Proveedor: ANDREA&FER
2025-09-25 11:37:58,960 - INFO - ✨ NUEVO: FI0844 - Proveedor: ANDREA&FER
2025-09-25 11:37:58,961 - INFO - ✨ NUEVO: FI0848 - Proveedor: ANDREA&FER
2025-09-25 11:37:58,962 - INFO - ✨ NUEVO: FI0855 - Proveedor: ANDREA&FER
2025-09-25 11:37:58,966 - INFO - ✨ NUEVO: GI0112 - Proveedor: ANDREA&FER
2025-09-25 11:37:58,968 - INFO - ✨ NUEVO: FI0859 - Proveedor: ANDREA&FER
2025-09-25 11:37:58,969 - INFO - ✨ NUEVO: FI0861 - Proveedor: ANDREA&FER
2025-09-25 11:37:58,970 - INFO - ✨ NUEVO: FI0863 - Proveedor: ANDREA&FER
2025-09-25 11:37:58,971 - INFO - ✨ NUEVO: FI0864 - Proveedor: ANDREA&FER
2025-09-25 11:37:58,972 - INFO - ✨ NUEVO: FI0866 - Proveedor: ANDREA&FER
2025-09-25 11:37:58,973 - INFO - ✨ NUEVO: GI0093 - Proveedor: ANDREA&FER
2025-09-25 11:37:58,974 - INFO - ✨ NUEVO: FI0872 - Proveedor: ANDREA&FER
2025-09-25 11:37:58,975 - INFO - ✨ NUEVO: FI0782 - Proveedor: ANDREA&FER
2025-09-25 11:37:58,976 - INFO - ✨ NUEVO: GI0065 - Proveedor: THE ASADO EXPERIENCE
2025-09-25 11:37:58,976 - INFO - ✨ NUEVO: FI0724 - Proveedor: LOS PONCHOS
2025-09-25 11:37:58,977 - INFO - ✨ NUEVO: FI0834 - Proveedor: HYATT CENTRIC MONTEVIDEO
2025-09-25 11:37:58,981 - INFO - ✨ NUEVO: FI0834 - Proveedor: SOFITEL MONTEVIDEO
2025-09-25 11:37:58,983 - INFO - ✨ NUEVO: LI0038 - Proveedor: MALLIN COLORADO ECOLODGE
2025-09-25 11:37:58,984 - INFO - ✨ NUEVO: FI0865 - Proveedor: MALLIN COLORADO ECOLODGE
2025-09-25 11:37:58,985 - INFO - ✨ NUEVO: FI0803 - Proveedor: VERTICE TRAVEL
2025-09-25 11:37:58,986 - INFO - ✨ NUEVO: FI0820 - Proveedor: VERTICE TRAVEL
2025-09-25 11:37:58,987 - INFO - ✨ NUEVO: GI0110 - Proveedor: VERTICE TRAVEL
2025-09-25 11:37:58,988 - INFO - ✨ NUEVO: GI0093 - Proveedor: VERTICE TRAVEL
2025-09-25 11:37:58,989 - INFO - ✨ NUEVO: FI0869 - Proveedor: VERTICE TRAVEL
2025-09-25 11:37:58,990 - INFO - ✨ NUEVO: FI0869 - Proveedor: VERTICE TRAVEL
2025-09-25 11:37:58,991 - INFO - ✨ NUEVO: FI0757 - Proveedor: HOTEL DAS CATARATAS (BELMOND)
2025-09-25 11:37:58,992 - INFO - ✨ NUEVO: GI0090 - Proveedor: HOTEL DAS CATARATAS (BELMOND)
2025-09-25 11:37:58,993 - INFO - ✨ NUEVO: LI0036 - Proveedor: HOTEL DAS CATARATAS (BELMOND)
2025-09-25 11:37:58,994 - INFO - ✨ NUEVO: FI0841 - Proveedor: HOTEL DAS CATARATAS (BELMOND)
2025-09-25 11:37:58,996 - INFO - ✨ NUEVO: FI0738 - Proveedor: PATAGONIA PLAZA
2025-09-25 11:37:58,998 - INFO - ✨ NUEVO: FI0809 - Proveedor: PATAGONIA PLAZA
2025-09-25 11:37:58,999 - INFO - ✨ NUEVO: FI0825 - Proveedor: PATAGONIA PLAZA
2025-09-25 11:37:59,001 - INFO - ✨ NUEVO: FI0859 - Proveedor: JAZZ OPERADOR MAYORISTA
2025-09-25 11:37:59,002 - INFO - ✨ NUEVO: DV0241 - Proveedor: JAZZ OPERADOR MAYORISTA
2025-09-25 11:37:59,003 - INFO - ✨ NUEVO: DV0241 - Proveedor: JAZZ OPERADOR MAYORISTA
2025-09-25 11:37:59,004 - INFO - ✨ NUEVO: FI0865 - Proveedor: JAZZ OPERADOR MAYORISTA
2025-09-25 11:37:59,004 - INFO - 📈 Progreso: 800/963 | Nuevos: 787 | Actualizados: 3 | Errores: 0
2025-09-25 11:37:59,005 - INFO - ✨ NUEVO: FI0866 - Proveedor: JAZZ OPERADOR MAYORISTA
2025-09-25 11:37:59,006 - INFO - ✨ NUEVO: FI0870 - Proveedor: JAZZ OPERADOR MAYORISTA
2025-09-25 11:37:59,007 - INFO - ✨ NUEVO: LI0042 - Proveedor: JAZZ OPERADOR MAYORISTA
2025-09-25 11:37:59,007 - INFO - ✨ NUEVO: FI0872 - Proveedor: JAZZ OPERADOR MAYORISTA
2025-09-25 11:37:59,008 - INFO - ✨ NUEVO: FI0869 - Proveedor: JAZZ OPERADOR MAYORISTA
2025-09-25 11:37:59,010 - INFO - ✨ NUEVO: OF0001 - Proveedor: JAZZ OPERADOR MAYORISTA
2025-09-25 11:37:59,012 - INFO - ✨ NUEVO: FE0019 - Proveedor: OLA
2025-09-25 11:37:59,013 - INFO - ✨ NUEVO: FE0027 - Proveedor: OLA
2025-09-25 11:37:59,015 - INFO - ✨ NUEVO: FE0028 - Proveedor: OLA
2025-09-25 11:37:59,016 - INFO - ✨ NUEVO: FE0033 - Proveedor: OLA
2025-09-25 11:37:59,018 - INFO - ✨ NUEVO: FE0034 - Proveedor: OLA
2025-09-25 11:37:59,019 - INFO - ✨ NUEVO: FE0035 - Proveedor: OLA
2025-09-25 11:37:59,020 - INFO - ✨ NUEVO: FI0809 - Proveedor: ALTO TRAFUL
2025-09-25 11:37:59,021 - INFO - ✨ NUEVO: FI0724 - Proveedor: CHALTEN CAMP
2025-09-25 11:37:59,022 - INFO - ✨ NUEVO: GI0073 - Proveedor: DEL BIANCO
2025-09-25 11:37:59,023 - INFO - ✨ NUEVO: FI0744 - Proveedor: ZONA PATAGONIA
2025-09-25 11:37:59,024 - INFO - ✨ NUEVO: FI0710 - Proveedor: ZONA PATAGONIA
2025-09-25 11:37:59,024 - INFO - ✨ NUEVO: FI0766 - Proveedor: ZONA PATAGONIA
2025-09-25 11:37:59,026 - INFO - ✨ NUEVO: FI0778 - Proveedor: ZONA PATAGONIA
2025-09-25 11:37:59,029 - INFO - ✨ NUEVO: FI0796 - Proveedor: ZONA PATAGONIA
2025-09-25 11:37:59,030 - INFO - ✨ NUEVO: FI0807 - Proveedor: ZONA PATAGONIA
2025-09-25 11:37:59,031 - INFO - ✨ NUEVO: FI0811 - Proveedor: ZONA PATAGONIA
2025-09-25 11:37:59,032 - INFO - ✨ NUEVO: FI0814 - Proveedor: ZONA PATAGONIA
2025-09-25 11:37:59,034 - INFO - ✨ NUEVO: FI0825 - Proveedor: ZONA PATAGONIA
2025-09-25 11:37:59,035 - INFO - ✨ NUEVO: FI0826 - Proveedor: ZONA PATAGONIA
2025-09-25 11:37:59,036 - INFO - ✨ NUEVO: FI0827 - Proveedor: ZONA PATAGONIA
2025-09-25 11:37:59,037 - INFO - ✨ NUEVO: FI0828 - Proveedor: ZONA PATAGONIA
2025-09-25 11:37:59,038 - INFO - ✨ NUEVO: FI0833 - Proveedor: ZONA PATAGONIA
2025-09-25 11:37:59,039 - INFO - ✨ NUEVO: FI0843 - Proveedor: ZONA PATAGONIA
2025-09-25 11:37:59,040 - INFO - ✨ NUEVO: FI0844 - Proveedor: ZONA PATAGONIA
2025-09-25 11:37:59,041 - INFO - ✨ NUEVO: GI0079 - Proveedor: ZONA PATAGONIA
2025-09-25 11:37:59,042 - INFO - ✨ NUEVO: FI0856 - Proveedor: ZONA PATAGONIA
2025-09-25 11:37:59,044 - INFO - ✨ NUEVO: FI0858 - Proveedor: ZONA PATAGONIA
2025-09-25 11:37:59,046 - INFO - ✨ NUEVO: FI0866 - Proveedor: ZONA PATAGONIA
2025-09-25 11:37:59,047 - INFO - ✨ NUEVO: FI0870 - Proveedor: ZONA PATAGONIA
2025-09-25 11:37:59,048 - INFO - ✨ NUEVO: FI0872 - Proveedor: ZONA PATAGONIA
2025-09-25 11:37:59,050 - INFO - ✨ NUEVO: FI0782 - Proveedor: ZONA PATAGONIA
2025-09-25 11:37:59,051 - INFO - ✨ NUEVO: GI0073 - Proveedor: RECANTO CATARATAS
2025-09-25 11:37:59,051 - INFO - ✨ NUEVO: FI0830 - Proveedor: EXPERIENCIA DELTA
2025-09-25 11:37:59,052 - INFO - ✨ NUEVO: FI0873 - Proveedor: EXPERIENCIA DELTA
2025-09-25 11:37:59,053 - INFO - ✨ NUEVO: FI0724 - Proveedor: IMMERSION TOURS
2025-09-25 11:37:59,054 - INFO - ✨ NUEVO: FI0710 - Proveedor: GLACIAR SUR
2025-09-25 11:37:59,055 - INFO - ✨ NUEVO: LI0015 - Proveedor: PRISTINE CAMPS CALAFATE
2025-09-25 11:37:59,056 - INFO - ✨ NUEVO: LI0015 - Proveedor: PRISTINE CAMPS CALAFATE
2025-09-25 11:37:59,057 - INFO - ✨ NUEVO: GI0093 - Proveedor: WINDSOR EXCELSIOR COPACABANA
2025-09-25 11:37:59,059 - INFO - ✨ NUEVO: FI0750 - Proveedor: THE MASSIF
2025-09-25 11:37:59,060 - INFO - ✨ NUEVO: FI0763 - Proveedor: THE MASSIF
2025-09-25 11:37:59,061 - INFO - ✨ NUEVO: LI0019 - Proveedor: LEANDRO ZAMPROGNO
2025-09-25 11:37:59,062 - INFO - ✨ NUEVO: LI0032 - Proveedor: LEANDRO ZAMPROGNO
2025-09-25 11:37:59,063 - INFO - ✨ NUEVO: LI0032 - Proveedor: LEANDRO ZAMPROGNO
2025-09-25 11:37:59,064 - INFO - ✨ NUEVO: GI0106 - Proveedor: MIRAMAR BY WINDSOR COPACABANA
2025-09-25 11:37:59,066 - INFO - ✨ NUEVO: GI0073 - Proveedor: WINDSOR LEME
2025-09-25 11:37:59,067 - INFO - ✨ NUEVO: FI0767 - Proveedor: INSIGHT GUIDES
2025-09-25 11:37:59,068 - INFO - ✨ NUEVO: FI0809 - Proveedor: INSIGHT GUIDES
2025-09-25 11:37:59,069 - INFO - ✨ NUEVO: FI0812 - Proveedor: ARGENTINO HOTEL
2025-09-25 11:37:59,070 - INFO - ✨ NUEVO: FI0845 - Proveedor: ARGENTINO HOTEL
2025-09-25 11:37:59,071 - INFO - ✨ NUEVO: FI0744 - Proveedor: MENDOZA HOTEL
2025-09-25 11:37:59,072 - INFO - ✨ NUEVO: FI0764 - Proveedor: BLANCA PATAGONIA CALAFATE HOTEL
2025-09-25 11:37:59,073 - INFO - ✨ NUEVO: FI0794 - Proveedor: BLANCA PATAGONIA CALAFATE HOTEL
2025-09-25 11:37:59,074 - INFO - ✨ NUEVO: FI0808 - Proveedor: SHEUEN PATAGONIA HOTEL
2025-09-25 11:37:59,075 - INFO - ✨ NUEVO: FI0825 - Proveedor: SHEUEN PATAGONIA HOTEL
2025-09-25 11:37:59,076 - INFO - ✨ NUEVO: FI0872 - Proveedor: SHEUEN PATAGONIA HOTEL
2025-09-25 11:37:59,077 - INFO - ✨ NUEVO: FI0720 - Proveedor: LA VENTANA RESTAURANT SRL
2025-09-25 11:37:59,078 - INFO - ✨ NUEVO: LI0027 - Proveedor: LA VENTANA RESTAURANT SRL
2025-09-25 11:37:59,078 - INFO - ✨ NUEVO: FI0764 - Proveedor: LA VENTANA RESTAURANT SRL
2025-09-25 11:37:59,079 - INFO - ✨ NUEVO: FI0786 - Proveedor: LA VENTANA RESTAURANT SRL
2025-09-25 11:37:59,080 - INFO - ✨ NUEVO: GI0093 - Proveedor: LA VENTANA RESTAURANT SRL
2025-09-25 11:37:59,082 - INFO - ✨ NUEVO: FI0751 - Proveedor: RATEHAWK
2025-09-25 11:37:59,083 - INFO - ✨ NUEVO: FI0744 - Proveedor: RATEHAWK
2025-09-25 11:37:59,084 - INFO - ✨ NUEVO: LI0027 - Proveedor: RATEHAWK
2025-09-25 11:37:59,085 - INFO - ✨ NUEVO: FI0767 - Proveedor: RATEHAWK
2025-09-25 11:37:59,088 - INFO - ✨ NUEVO: FI0747 - Proveedor: RATEHAWK
2025-09-25 11:37:59,089 - INFO - ✨ NUEVO: FI0785 - Proveedor: RATEHAWK
2025-09-25 11:37:59,090 - INFO - ✨ NUEVO: FI0785 - Proveedor: RATEHAWK
2025-09-25 11:37:59,091 - INFO - ✨ NUEVO: GI0089 - Proveedor: RATEHAWK
2025-09-25 11:37:59,092 - INFO - ✨ NUEVO: FI0754 - Proveedor: RATEHAWK
2025-09-25 11:37:59,093 - INFO - ✨ NUEVO: LI0034 - Proveedor: RATEHAWK
2025-09-25 11:37:59,094 - INFO - ✨ NUEVO: LI0034 - Proveedor: RATEHAWK
2025-09-25 11:37:59,095 - INFO - 📝 ACTUALIZADO: LI0034 - Campos: fecha_pago_proveedor, fecha_in, fecha_out
2025-09-25 11:37:59,096 - INFO - ✨ NUEVO: FI0799 - Proveedor: RATEHAWK
2025-09-25 11:37:59,097 - INFO - ✨ NUEVO: LI0036 - Proveedor: RATEHAWK
2025-09-25 11:37:59,098 - INFO - ✨ NUEVO: FI0803 - Proveedor: RATEHAWK
2025-09-25 11:37:59,100 - INFO - ✨ NUEVO: FI0724 - Proveedor: RATEHAWK
2025-09-25 11:37:59,104 - INFO - ✨ NUEVO: LI0036 - Proveedor: RATEHAWK
2025-09-25 11:37:59,106 - INFO - ✨ NUEVO: FI0794 - Proveedor: RATEHAWK
2025-09-25 11:37:59,107 - INFO - ✨ NUEVO: FI0811 - Proveedor: RATEHAWK
2025-09-25 11:37:59,108 - INFO - ✨ NUEVO: FI0810 - Proveedor: RATEHAWK
2025-09-25 11:37:59,109 - INFO - ✨ NUEVO: FI0808 - Proveedor: RATEHAWK
2025-09-25 11:37:59,110 - INFO - ✨ NUEVO: FI0812 - Proveedor: RATEHAWK
2025-09-25 11:37:59,111 - INFO - ✨ NUEVO: FI0809 - Proveedor: RATEHAWK
2025-09-25 11:37:59,112 - INFO - ✨ NUEVO: FI0812 - Proveedor: RATEHAWK
2025-09-25 11:37:59,113 - INFO - ✨ NUEVO: FI0808 - Proveedor: RATEHAWK
2025-09-25 11:37:59,114 - INFO - ✨ NUEVO: FI0834 - Proveedor: RATEHAWK
2025-09-25 11:37:59,116 - INFO - ✨ NUEVO: FI0853 - Proveedor: RATEHAWK
2025-09-25 11:37:59,118 - INFO - ✨ NUEVO: FI0855 - Proveedor: RATEHAWK
2025-09-25 11:37:59,119 - INFO - ✨ NUEVO: FI0856 - Proveedor: RATEHAWK
2025-09-25 11:37:59,120 - INFO - ✨ NUEVO: FI0782 - Proveedor: RATEHAWK
2025-09-25 11:37:59,121 - INFO - ✨ NUEVO: FI0872 - Proveedor: RATEHAWK
2025-09-25 11:37:59,122 - INFO - ✨ NUEVO: FI0724 - Proveedor: PARQUE NACIONAL IGUAZU
2025-09-25 11:37:59,123 - INFO - ✨ NUEVO: GI0065 - Proveedor: PARQUE NACIONAL IGUAZU
2025-09-25 11:37:59,123 - INFO - 📈 Progreso: 900/963 | Nuevos: 886 | Actualizados: 4 | Errores: 0
2025-09-25 11:37:59,124 - INFO - ✨ NUEVO: FI0760 - Proveedor: PARQUE NACIONAL IGUAZU
2025-09-25 11:37:59,125 - INFO - ✨ NUEVO: FI0799 - Proveedor: PARQUE NACIONAL IGUAZU
2025-09-25 11:37:59,126 - INFO - ✨ NUEVO: FI0783 - Proveedor: PARQUE NACIONAL IGUAZU
2025-09-25 11:37:59,127 - INFO - ✨ NUEVO: FI0814 - Proveedor: PARQUE NACIONAL IGUAZU
2025-09-25 11:37:59,128 - INFO - ✨ NUEVO: FI0841 - Proveedor: PARQUE NACIONAL IGUAZU
2025-09-25 11:37:59,129 - INFO - ✨ NUEVO: GI0093 - Proveedor: PARQUE NACIONAL IGUAZU
2025-09-25 11:37:59,130 - INFO - ✨ NUEVO: FI0782 - Proveedor: PARQUE NACIONAL IGUAZU
2025-09-25 11:37:59,131 - INFO - ✨ NUEVO: FI0753 - Proveedor: PARQUE TORRES DEL PAINE
2025-09-25 11:37:59,133 - INFO - ✨ NUEVO: FI0763 - Proveedor: PARQUE TORRES DEL PAINE
2025-09-25 11:37:59,135 - INFO - ✨ NUEVO: FI0766 - Proveedor: PARQUE TORRES DEL PAINE
2025-09-25 11:37:59,136 - INFO - ✨ NUEVO: FI0796 - Proveedor: PARQUE TORRES DEL PAINE
2025-09-25 11:37:59,137 - INFO - ✨ NUEVO: FI0808 - Proveedor: PARQUE TORRES DEL PAINE
2025-09-25 11:37:59,138 - INFO - ✨ NUEVO: FI0724 - Proveedor: PARQUE NACIONAL LOS GLACIARES
2025-09-25 11:37:59,139 - INFO - ✨ NUEVO: FI0747 - Proveedor: PARQUE NACIONAL LOS GLACIARES
2025-09-25 11:37:59,140 - INFO - ✨ NUEVO: FI0710 - Proveedor: PARQUE NACIONAL LOS GLACIARES
2025-09-25 11:37:59,141 - INFO - ✨ NUEVO: FI0744 - Proveedor: PARQUE NACIONAL LOS GLACIARES
2025-09-25 11:37:59,142 - INFO - ✨ NUEVO: FI0753 - Proveedor: PARQUE NACIONAL LOS GLACIARES
2025-09-25 11:37:59,143 - INFO - ✨ NUEVO: FI0766 - Proveedor: PARQUE NACIONAL LOS GLACIARES
2025-09-25 11:37:59,144 - INFO - ✨ NUEVO: GI0096 - Proveedor: PARQUE NACIONAL LOS GLACIARES
2025-09-25 11:37:59,145 - INFO - ✨ NUEVO: FI0796 - Proveedor: PARQUE NACIONAL LOS GLACIARES
2025-09-25 11:37:59,146 - INFO - ✨ NUEVO: FI0794 - Proveedor: PARQUE NACIONAL LOS GLACIARES
2025-09-25 11:37:59,147 - INFO - ✨ NUEVO: FI0814 - Proveedor: PARQUE NACIONAL LOS GLACIARES
2025-09-25 11:37:59,152 - INFO - ✨ NUEVO: FI0820 - Proveedor: PARQUE NACIONAL LOS GLACIARES
2025-09-25 11:37:59,153 - INFO - ✨ NUEVO: FI0827 - Proveedor: PARQUE NACIONAL LOS GLACIARES
2025-09-25 11:37:59,154 - INFO - ✨ NUEVO: FI0826 - Proveedor: PARQUE NACIONAL LOS GLACIARES
2025-09-25 11:37:59,155 - INFO - ✨ NUEVO: FI0828 - Proveedor: PARQUE NACIONAL LOS GLACIARES
2025-09-25 11:37:59,156 - INFO - ✨ NUEVO: FI0833 - Proveedor: PARQUE NACIONAL LOS GLACIARES
2025-09-25 11:37:59,157 - INFO - ✨ NUEVO: FI0862 - Proveedor: PARQUE NACIONAL LOS GLACIARES
2025-09-25 11:37:59,158 - INFO - ✨ NUEVO: GI0093 - Proveedor: PARQUE NACIONAL LOS GLACIARES
2025-09-25 11:37:59,159 - INFO - ✨ NUEVO: FI0870 - Proveedor: PARQUE NACIONAL LOS GLACIARES
2025-09-25 11:37:59,160 - INFO - ✨ NUEVO: FI0782 - Proveedor: PARQUE NACIONAL LOS GLACIARES
2025-09-25 11:37:59,161 - INFO - ✨ NUEVO: FI0817 - Proveedor: ALL TRIPS TRAVELLED
2025-09-25 11:37:59,162 - INFO - ✨ NUEVO: FI0783 - Proveedor: AGOSTINA MANCINELLI
2025-09-25 11:37:59,163 - INFO - ✨ NUEVO: GI0082 - Proveedor: GABRIELA BRIZUELA
2025-09-25 11:37:59,171 - INFO - ✨ NUEVO: FI0810 - Proveedor: GABRIELA BRIZUELA
2025-09-25 11:37:59,172 - INFO - ✨ NUEVO: FI0814 - Proveedor: GABRIELA BRIZUELA
2025-09-25 11:37:59,173 - INFO - ✨ NUEVO: GI0077 - Proveedor: GABRIELA BRIZUELA
2025-09-25 11:37:59,174 - INFO - ✨ NUEVO: FI0714 - Proveedor: LAS BALSAS RELAIS & CHATEAUX
2025-09-25 11:37:59,175 - INFO - ✨ NUEVO: FI0721 - Proveedor: DIEGO DE ALMAGRO VALDIVIA
2025-09-25 11:37:59,176 - INFO - ✨ NUEVO: FI0738 - Proveedor: CASA SOLARIA
2025-09-25 11:37:59,177 - INFO - ✨ NUEVO: FI0825 - Proveedor: CASA SOLARIA
2025-09-25 11:37:59,178 - INFO - ✨ NUEVO: FI0745 - Proveedor: OCEANWIDE EXPEDITIONS
2025-09-25 11:37:59,179 - INFO - ✨ NUEVO: FI0814 - Proveedor: SOLO PATAGONIA
2025-09-25 11:37:59,180 - INFO - ✨ NUEVO: FI0870 - Proveedor: SOLO PATAGONIA
2025-09-25 11:37:59,181 - INFO - ✨ NUEVO: FI0738 - Proveedor: POSTA DE LOS COLONOS
2025-09-25 11:37:59,182 - INFO - ✨ NUEVO: FI0811 - Proveedor: CITY FALLS IGUAZU
2025-09-25 11:37:59,183 - INFO - ✨ NUEVO: LI0015 - Proveedor: LS TRAVEL BARILOCHE SAS
2025-09-25 11:37:59,184 - INFO - ✨ NUEVO: FI0809 - Proveedor: LS TRAVEL BARILOCHE SAS
2025-09-25 11:37:59,185 - INFO - ✨ NUEVO: FI0811 - Proveedor: LS TRAVEL BARILOCHE SAS
2025-09-25 11:37:59,188 - INFO - ✨ NUEVO: FI0812 - Proveedor: LS TRAVEL BARILOCHE SAS
2025-09-25 11:37:59,189 - INFO - ✨ NUEVO: FI0826 - Proveedor: LS TRAVEL BARILOCHE SAS
2025-09-25 11:37:59,190 - INFO - ✨ NUEVO: FI0803 - Proveedor: BEST WESTERN PATAGONIA
2025-09-25 11:37:59,191 - INFO - ✨ NUEVO: FI0827 - Proveedor: NIBEPO AIKE CALAFATE EXCURSIONES
2025-09-25 11:37:59,192 - INFO - ✨ NUEVO: FI0862 - Proveedor: NIBEPO AIKE CALAFATE EXCURSIONES
2025-09-25 11:37:59,193 - INFO - ✨ NUEVO: FI0814 - Proveedor: WALK PATAGONIA
2025-09-25 11:37:59,194 - INFO - ✨ NUEVO: LI0036 - Proveedor: IBEROSTAR GRAND AMAZON CRUISE
2025-09-25 11:37:59,195 - INFO - ✨ NUEVO: LI0036 - Proveedor: HOTEL & HACIENDA LA CARAVEDO
2025-09-25 11:37:59,195 - INFO - ✨ NUEVO: LI0036 - Proveedor: SONESTA POSADA DEL INCA YUCAY HOTEL
2025-09-25 11:37:59,196 - INFO - ✨ NUEVO: FI0804 - Proveedor: CASA ANDINA STANDARD MACHU PICCHU
2025-09-25 11:37:59,197 - INFO - ✨ NUEVO: FI0804 - Proveedor: CASA ANDINA PREMIUM CUSCO
2025-09-25 11:37:59,199 - INFO - ✨ NUEVO: FI0804 - Proveedor: SONESTA CUSCO HOTEL
2025-09-25 11:37:59,200 - INFO - ✨ NUEVO: FI0839 - Proveedor: HOTEL VINNHAUS
2025-09-25 11:37:59,202 - INFO - ✨ NUEVO: LI0042 - Proveedor: RAYENTRAY PUERTO PIRAMIDES
2025-09-25 11:37:59,204 - INFO - ✨ NUEVO: LI0042 - Proveedor: RAYENTRAY PUERTO PIRAMIDES
2025-09-25 11:37:59,205 - INFO - ✨ NUEVO: LI0028 - Proveedor: ANDESMAR
2025-09-25 11:37:59,206 - INFO - ✨ NUEVO: FI0865 - Proveedor: PATAGONIA HOUSE HOTEL
2025-09-25 11:37:59,207 - INFO - 📝 ACTUALIZADO: LI0028 - Campos: estado, fecha_pago_proveedor, fecha_in, fecha_out
2025-09-25 11:37:59,208 - INFO - ✨ NUEVO: FI0805 - Proveedor: CASA LOBA
2025-09-25 11:37:59,209 - INFO - ✨ NUEVO: LI0028 - Proveedor: ANDESMAR
2025-09-25 11:37:59,210 - INFO - ✨ NUEVO: F12345 - Proveedor: LOKO
2025-09-25 11:37:59,210 - INFO - ✨ NUEVO: F12345 - Proveedor: LOKO
2025-09-25 11:37:59,211 - INFO - 📝 ACTUALIZADO: F12345 - Campos: estado, fecha_pago_proveedor, fecha_in, fecha_out
2025-09-25 11:37:59,212 - INFO - ✨ NUEVO: F12345 - Proveedor: LOKO
2025-09-25 11:37:59,212 - INFO - 💾 Realizando commit final...
2025-09-25 11:37:59,215 - INFO - ✅ Commit exitoso
2025-09-25 11:37:59,215 - INFO - 📋 Generando reportes finales...
2025-09-25 11:37:59,215 - INFO - ============================================================
2025-09-25 11:37:59,215 - INFO - 📊 RESUMEN FINAL DEL PROCESO
2025-09-25 11:37:59,215 - INFO - ============================================================
2025-09-25 11:37:59,216 - INFO - ⏰ Duración total: 0:00:01.643997
2025-09-25 11:37:59,216 - INFO - 📁 Total procesadas: 963
2025-09-25 11:37:59,216 - INFO - ✨ Nuevos registros: 957
2025-09-25 11:37:59,216 - INFO - 📝 Registros actualizados: 6
2025-09-25 11:37:59,216 - INFO - ⚪ Sin cambios: 0
2025-09-25 11:37:59,216 - INFO - ❌ Errores: 0
2025-09-25 11:37:59,219 - INFO - 📊 Tasa de éxito: 100.0%
2025-09-25 11:37:59,427 - INFO - 📄 Reporte Excel generado: C:\Users\jsaldano\Documents\Procesar\Pipeline\Archivos\Posibles Errores\reporte_reservas_20250925_113759.xlsx
2025-09-25 11:37:59,428 - INFO - 📋 Log guardado en: reservas_process_20250925_113757.log
2025-09-25 11:37:59,429 - INFO - ============================================================
2025-09-25 11:37:59,429 - INFO - ✅ PROCESO COMPLETADO
2025-09-25 11:37:59,429 - INFO - ============================================================
