2025-09-25 11:49:37,554 - INFO - ============================================================
2025-09-25 11:49:37,555 - INFO - INICIANDO PROCESO DE IMPORTACIÓN DE SALDOS
2025-09-25 11:49:37,555 - INFO - ============================================================
2025-09-25 11:49:37,555 - INFO - 📁 Leyendo archivo: C:/Users/jsaldano/Documents/Procesar/Pipeline/PREVISION.xlsx
2025-09-25 11:49:37,555 - ERROR - ❌ ERROR CRÍTICO: Archivo no encontrado: C:/Users/jsaldano/Documents/Procesar/Pipeline/PREVISION.xlsx
2025-09-25 11:49:37,555 - INFO - 📋 Generando reportes finales...
2025-09-25 11:49:37,556 - INFO - ============================================================
2025-09-25 11:49:37,556 - INFO - 📊 RESUMEN FINAL DEL PROCESO
2025-09-25 11:49:37,556 - INFO - ============================================================
2025-09-25 11:49:37,557 - INFO - ⏰ Duración total: 0:00:00.001475
2025-09-25 11:49:37,557 - INFO - 📁 Total procesadas: 0
2025-09-25 11:49:37,557 - INFO - ✨ Nuevos registros: 0
2025-09-25 11:49:37,557 - INFO - 📝 Registros actualizados: 0
2025-09-25 11:49:37,557 - INFO - ⚪ Sin cambios: 0
2025-09-25 11:49:37,557 - INFO - ❌ Errores: 0
2025-09-25 11:49:37,557 - INFO - 📊 Tasa de éxito: 0.0%
2025-09-25 11:49:37,557 - INFO - 📋 Log guardado en: saldo_process_20250925_114937.log
2025-09-25 11:49:37,557 - INFO - ============================================================
2025-09-25 11:49:37,557 - INFO - ✅ PROCESO COMPLETADO
2025-09-25 11:49:37,557 - INFO - ============================================================
