2025-09-25 11:50:38,068 - INFO - ============================================================
2025-09-25 11:50:38,068 - INFO - INICIANDO PROCESO DE IMPORTACIÓN DE SALDOS
2025-09-25 11:50:38,069 - INFO - ============================================================
2025-09-25 11:50:38,069 - INFO - 📁 Leyendo archivo: C:\Users\jsaldano\Documents\Procesar\Pipeline\Archivos\PREVISION.xlsx
2025-09-25 11:50:38,238 - INFO - 📊 Archivo leído exitosamente: 777 filas encontradas
2025-09-25 11:50:38,238 - INFO - 🔄 Iniciando preprocesamiento...
2025-09-25 11:50:38,248 - INFO - ✅ Preprocesamiento completado: 14 filas válidas (eliminadas: 763)
2025-09-25 11:50:38,248 - INFO - 🚀 Iniciando procesamiento de saldos...
2025-09-25 11:50:38,264 - INFO - ✨ NUEVO: id_reserva=12 - Banco: NC
2025-09-25 11:50:38,269 - INFO - ✨ NUEVO: id_reserva=306 - Banco: None
2025-09-25 11:50:38,271 - INFO - ✨ NUEVO: id_reserva=308 - Banco: REBA USD
2025-09-25 11:50:38,273 - INFO - ✨ NUEVO: id_reserva=358 - Banco: EFECTIVO
2025-09-25 11:50:38,275 - INFO - ✨ NUEVO: id_reserva=394 - Banco: TC
2025-09-25 11:50:38,277 - INFO - ✨ NUEVO: id_reserva=421 - Banco: GALICIA USD
2025-09-25 11:50:38,279 - INFO - ✨ NUEVO: id_reserva=423 - Banco: WE TRAVEL
2025-09-25 11:50:38,281 - INFO - ✨ NUEVO: id_reserva=443 - Banco: None
2025-09-25 11:50:38,282 - INFO - ✨ NUEVO: id_reserva=462 - Banco: WE TRAVEL
2025-09-25 11:50:38,284 - INFO - ✨ NUEVO: id_reserva=498 - Banco: NC
2025-09-25 11:50:38,285 - INFO - ✨ NUEVO: id_reserva=628 - Banco: GALICIA ARS
2025-09-25 11:50:38,287 - INFO - ✨ NUEVO: id_reserva=10 - Banco: None
2025-09-25 11:50:38,289 - INFO - ✨ NUEVO: id_reserva=86 - Banco: None
2025-09-25 11:50:38,291 - INFO - ✨ NUEVO: id_reserva=191 - Banco: GALICIA ARS
2025-09-25 11:50:38,291 - INFO - 💾 Realizando commit final...
2025-09-25 11:50:38,293 - INFO - ✅ Commit exitoso
2025-09-25 11:50:38,293 - INFO - 📋 Generando reportes finales...
2025-09-25 11:50:38,293 - INFO - ============================================================
2025-09-25 11:50:38,293 - INFO - 📊 RESUMEN FINAL DEL PROCESO
2025-09-25 11:50:38,293 - INFO - ============================================================
2025-09-25 11:50:38,293 - INFO - ⏰ Duración total: 0:00:00.224246
2025-09-25 11:50:38,293 - INFO - 📁 Total procesadas: 14
2025-09-25 11:50:38,294 - INFO - ✨ Nuevos registros: 14
2025-09-25 11:50:38,294 - INFO - 📝 Registros actualizados: 0
2025-09-25 11:50:38,294 - INFO - ⚪ Sin cambios: 0
2025-09-25 11:50:38,294 - INFO - ❌ Errores: 0
2025-09-25 11:50:38,294 - INFO - 📊 Tasa de éxito: 100.0%
2025-09-25 11:50:38,327 - INFO - 📄 Reporte Excel generado: C:\Users\jsaldano\Documents\Test\Procesar\Pipeline\Archivos\Posibles Errores\reporte_saldos_20250925_115038.xlsx
2025-09-25 11:50:38,327 - INFO - 📋 Log guardado en: saldo_process_20250925_115038.log
2025-09-25 11:50:38,328 - INFO - ============================================================
2025-09-25 11:50:38,328 - INFO - ✅ PROCESO COMPLETADO
2025-09-25 11:50:38,328 - INFO - ============================================================
