2025-09-25 11:50:10,981 - INFO - ============================================================
2025-09-25 11:50:10,982 - INFO - INICIANDO PROCESO DE IMPORTACIÓN DE SALDOS
2025-09-25 11:50:10,982 - INFO - ============================================================
2025-09-25 11:50:10,982 - INFO - 📁 Leyendo archivo: C:/Users/jsaldano/Documents/Procesar/Pipeline/PREVISION.xlsx
2025-09-25 11:50:10,983 - ERROR - ❌ ERROR CRÍTICO: Archivo no encontrado: C:/Users/jsaldano/Documents/Procesar/Pipeline/PREVISION.xlsx
2025-09-25 11:50:10,983 - INFO - 📋 Generando reportes finales...
2025-09-25 11:50:10,983 - INFO - ============================================================
2025-09-25 11:50:10,983 - INFO - 📊 RESUMEN FINAL DEL PROCESO
2025-09-25 11:50:10,983 - INFO - ============================================================
2025-09-25 11:50:10,983 - INFO - ⏰ Duración total: 0:00:00.000387
2025-09-25 11:50:10,983 - INFO - 📁 Total procesadas: 0
2025-09-25 11:50:10,983 - INFO - ✨ Nuevos registros: 0
2025-09-25 11:50:10,984 - INFO - 📝 Registros actualizados: 0
2025-09-25 11:50:10,984 - INFO - ⚪ Sin cambios: 0
2025-09-25 11:50:10,984 - INFO - ❌ Errores: 0
2025-09-25 11:50:10,984 - INFO - 📊 Tasa de éxito: 0.0%
2025-09-25 11:50:10,984 - INFO - 📋 Log guardado en: saldo_process_20250925_115010.log
2025-09-25 11:50:10,984 - INFO - ============================================================
2025-09-25 11:50:10,984 - INFO - ✅ PROCESO COMPLETADO
2025-09-25 11:50:10,984 - INFO - ============================================================
