2025-09-25 11:05:20,246 - INFO - ============================================================
2025-09-25 11:05:20,246 - INFO - INICIANDO PROCESO DE IMPORTACIÓN DE SALDOS
2025-09-25 11:05:20,247 - INFO - ============================================================
2025-09-25 11:05:20,247 - INFO - 📁 Leyendo archivo: C:/Users/jsaldano/Documents/Pipeline/Pipeline/PREVISION.xlsx
2025-09-25 11:05:20,247 - ERROR - ❌ ERROR CRÍTICO: Archivo no encontrado: C:/Users/jsaldano/Documents/Pipeline/Pipeline/PREVISION.xlsx
2025-09-25 11:05:20,247 - INFO - 📋 Generando reportes finales...
2025-09-25 11:05:20,247 - INFO - ============================================================
2025-09-25 11:05:20,247 - INFO - 📊 RESUMEN FINAL DEL PROCESO
2025-09-25 11:05:20,247 - INFO - ============================================================
2025-09-25 11:05:20,247 - INFO - ⏰ Duración total: 0:00:00.000387
2025-09-25 11:05:20,247 - INFO - 📁 Total procesadas: 0
2025-09-25 11:05:20,247 - INFO - ✨ Nuevos registros: 0
2025-09-25 11:05:20,247 - INFO - 📝 Registros actualizados: 0
2025-09-25 11:05:20,247 - INFO - ⚪ Sin cambios: 0
2025-09-25 11:05:20,247 - INFO - ❌ Errores: 0
2025-09-25 11:05:20,247 - INFO - 📊 Tasa de éxito: 0.0%
2025-09-25 11:05:20,248 - INFO - 📋 Log guardado en: saldo_process_20250925_110520.log
2025-09-25 11:05:20,248 - INFO - ============================================================
2025-09-25 11:05:20,248 - INFO - ✅ PROCESO COMPLETADO
2025-09-25 11:05:20,248 - INFO - ============================================================
